2024-02-19 00:06:41.948 [info] Added views:workbench.panel.markers.view in workbench.panel.markers
2024-02-19 00:06:41.948 [info] Added views:workbench.panel.output in workbench.panel.output
2024-02-19 00:06:41.948 [info] Added views:terminal in terminal
2024-02-19 00:06:41.948 [info] Added views:outline in workbench.view.explorer
2024-02-19 00:06:41.948 [info] Added views:workbench.scm in workbench.view.scm
2024-02-19 00:06:41.948 [info] Added views:workbench.view.search in workbench.view.search
2024-02-19 00:06:41.948 [info] Added views:timeline in workbench.view.explorer
2024-02-19 00:06:41.948 [info] Added views:workbench.explorer.fileView in workbench.view.explorer
2024-02-19 00:06:42.685 [info] Added views:workbench.debug.variablesView,workbench.debug.watchExpressionsView,workbench.debug.callStackView,workbench.debug.breakPointsView in workbench.view.debug
2024-02-19 00:06:42.741 [info] Added views:workbench.panel.repl.view in workbench.panel.repl
2024-02-19 00:06:44.237 [info] Added views:~remote.forwardedPorts in ~remote.forwardedPortsContainer
2024-02-19 00:06:50.445 [info] Added views:workbench.views.extensions.installed,workbench.views.extensions.popular,extensions.recommendedList in workbench.view.extensions
2024-02-19 00:06:50.447 [info] Removed views:workbench.views.extensions.popular from workbench.view.extensions
2024-02-19 00:06:50.638 [info] Added views:workbench.views.extensions.popular in workbench.view.extensions
2024-02-19 00:08:00.134 [info] Removed views:extensions.recommendedList,workbench.views.extensions.popular,workbench.views.extensions.installed from workbench.view.extensions
2024-02-19 00:08:00.162 [info] Added views:workbench.views.extensions.marketplace in workbench.view.extensions
2024-02-19 00:08:00.468 [info] Removed views:workbench.views.extensions.marketplace from workbench.view.extensions
2024-02-19 00:08:00.486 [info] Added views:workbench.views.extensions.installed,workbench.views.extensions.popular,extensions.recommendedList in workbench.view.extensions
2024-02-19 00:08:02.895 [info] Removed views:extensions.recommendedList,workbench.views.extensions.popular,workbench.views.extensions.installed from workbench.view.extensions
2024-02-19 00:08:02.909 [info] Added views:workbench.views.extensions.marketplace in workbench.view.extensions
