2024-03-04 18:55:32.541 [info] Getting Manifest... ms-python.debugpy
2024-03-04 18:55:32.549 [info] Getting Manifest... ms-python.python
2024-03-04 18:55:33.575 [info] Installing extension: ms-python.debugpy
2024-03-04 18:55:33.654 [info] Installing extension: ms-python.python
2024-03-04 18:55:38.810 [error] Could not load vsce-sign module Cannot find module '@vscode/vsce-sign'
Require stack:
- /opt/vscodium-bin/resources/app/out/bootstrap-amd.js
- /opt/vscodium-bin/resources/app/out/bootstrap-fork.js
- 
2024-03-04 18:55:38.818 [info] Extension signature verification is not done: ms-python.debugpy
2024-03-04 18:55:39.020 [info] Extracted extension to file:///home/kira/.vscode-oss/extensions/ms-python.debugpy-2024.2.0-linux-x64: ms-python.debugpy
2024-03-04 18:55:39.022 [info] Renamed to /home/kira/.vscode-oss/extensions/ms-python.debugpy-2024.2.0-linux-x64
2024-03-04 18:55:39.023 [info] Extracting extension completed. ms-python.debugpy
2024-03-04 18:55:39.029 [info] Extension installed successfully: ms-python.debugpy
2024-03-04 18:55:39.030 [info] Marked extension as uninstalled ms-python.debugpy-2024.0.0-linux-x64
2024-03-04 18:55:39.111 [error] [uncaught exception in sharedProcess]: Error: ENOENT: no such file or directory, stat '/home/kira/.vscode-oss/extensions/extensions.json.vsctmp': EntryNotFound (FileSystemError): Error: ENOENT: no such file or directory, stat '/home/kira/.vscode-oss/extensions/extensions.json.vsctmp'
    at r.create (/opt/vscodium-bin/resources/app/out/vs/code/node/sharedProcess/sharedProcessMain.js:51:35658)
    at a (/opt/vscodium-bin/resources/app/out/vs/code/node/sharedProcess/sharedProcessMain.js:51:35793)
    at i.toFileSystemProviderError (/opt/vscodium-bin/resources/app/out/vs/code/node/sharedProcess/sharedProcessMain.js:56:48621)
    at i.stat (/opt/vscodium-bin/resources/app/out/vs/code/node/sharedProcess/sharedProcessMain.js:56:39216)
    at async w.stat (/opt/vscodium-bin/resources/app/out/vs/code/node/sharedProcess/sharedProcessMain.js:56:21720)
    at async Y.onDidFilesChange (/opt/vscodium-bin/resources/app/out/vs/code/node/sharedProcess/sharedProcessMain.js:102:133810)
2024-03-04 18:55:41.174 [error] Could not load vsce-sign module Cannot find module '@vscode/vsce-sign'
Require stack:
- /opt/vscodium-bin/resources/app/out/bootstrap-amd.js
- /opt/vscodium-bin/resources/app/out/bootstrap-fork.js
- 
2024-03-04 18:55:41.175 [info] Extension signature verification is not done: ms-python.python
2024-03-04 18:55:41.940 [info] Extracted extension to file:///home/kira/.vscode-oss/extensions/ms-python.python-2024.2.1-universal: ms-python.python
2024-03-04 18:55:41.943 [info] Renamed to /home/kira/.vscode-oss/extensions/ms-python.python-2024.2.1-universal
2024-03-04 18:55:41.950 [info] Extracting extension completed. ms-python.python
2024-03-04 18:55:41.959 [info] Extension installed successfully: ms-python.python
2024-03-04 18:55:41.979 [info] Marked extension as uninstalled ms-python.python-2024.0.1-universal
2024-03-04 18:55:42.032 [error] [uncaught exception in sharedProcess]: Error: ENOENT: no such file or directory, stat '/home/kira/.vscode-oss/extensions/extensions.json.vsctmp': EntryNotFound (FileSystemError): Error: ENOENT: no such file or directory, stat '/home/kira/.vscode-oss/extensions/extensions.json.vsctmp'
    at r.create (/opt/vscodium-bin/resources/app/out/vs/code/node/sharedProcess/sharedProcessMain.js:51:35658)
    at a (/opt/vscodium-bin/resources/app/out/vs/code/node/sharedProcess/sharedProcessMain.js:51:35793)
    at i.toFileSystemProviderError (/opt/vscodium-bin/resources/app/out/vs/code/node/sharedProcess/sharedProcessMain.js:56:48621)
    at i.stat (/opt/vscodium-bin/resources/app/out/vs/code/node/sharedProcess/sharedProcessMain.js:56:39216)
    at async w.stat (/opt/vscodium-bin/resources/app/out/vs/code/node/sharedProcess/sharedProcessMain.js:56:21720)
    at async Y.onDidFilesChange (/opt/vscodium-bin/resources/app/out/vs/code/node/sharedProcess/sharedProcessMain.js:102:133810)
2024-03-04 18:56:32.411 [info] Getting Manifest... tomoki1207.pdf
2024-03-04 18:56:32.540 [info] Installing extension: tomoki1207.pdf
2024-03-04 18:56:32.894 [error] Could not load vsce-sign module Cannot find module '@vscode/vsce-sign'
Require stack:
- /opt/vscodium-bin/resources/app/out/bootstrap-amd.js
- /opt/vscodium-bin/resources/app/out/bootstrap-fork.js
- 
2024-03-04 18:56:32.896 [info] Extension signature verification is not done: tomoki1207.pdf
2024-03-04 18:56:33.046 [info] Extracted extension to file:///home/kira/.vscode-oss/extensions/tomoki1207.pdf-1.2.2-universal: tomoki1207.pdf
2024-03-04 18:56:33.051 [info] Renamed to /home/kira/.vscode-oss/extensions/tomoki1207.pdf-1.2.2-universal
2024-03-04 18:56:33.052 [info] Extracting extension completed. tomoki1207.pdf
2024-03-04 18:56:33.057 [info] Extension installed successfully: tomoki1207.pdf
2024-03-04 18:56:33.082 [error] [uncaught exception in sharedProcess]: Error: ENOENT: no such file or directory, stat '/home/kira/.vscode-oss/extensions/extensions.json.vsctmp': EntryNotFound (FileSystemError): Error: ENOENT: no such file or directory, stat '/home/kira/.vscode-oss/extensions/extensions.json.vsctmp'
    at r.create (/opt/vscodium-bin/resources/app/out/vs/code/node/sharedProcess/sharedProcessMain.js:51:35658)
    at a (/opt/vscodium-bin/resources/app/out/vs/code/node/sharedProcess/sharedProcessMain.js:51:35793)
    at i.toFileSystemProviderError (/opt/vscodium-bin/resources/app/out/vs/code/node/sharedProcess/sharedProcessMain.js:56:48621)
    at i.stat (/opt/vscodium-bin/resources/app/out/vs/code/node/sharedProcess/sharedProcessMain.js:56:39216)
    at async w.stat (/opt/vscodium-bin/resources/app/out/vs/code/node/sharedProcess/sharedProcessMain.js:56:21720)
    at async Y.onDidFilesChange (/opt/vscodium-bin/resources/app/out/vs/code/node/sharedProcess/sharedProcessMain.js:102:133810)
