2024-03-04 18:55:25.200 [info] Added views:workbench.panel.markers.view in workbench.panel.markers
2024-03-04 18:55:25.200 [info] Added views:workbench.panel.output in workbench.panel.output
2024-03-04 18:55:25.200 [info] Added views:terminal in terminal
2024-03-04 18:55:25.200 [info] Added views:outline in workbench.view.explorer
2024-03-04 18:55:25.200 [info] Added views:workbench.scm in workbench.view.scm
2024-03-04 18:55:25.200 [info] Added views:workbench.view.search in workbench.view.search
2024-03-04 18:55:25.200 [info] Added views:timeline in workbench.view.explorer
2024-03-04 18:55:25.200 [info] Added views:workbench.explorer.emptyView in workbench.view.explorer
2024-03-04 18:55:25.580 [info] Added views:gitlens.views.home,gitlens.views.workspaces,gitlens.views.account in workbench.view.extension.gitlens
2024-03-04 18:55:25.580 [info] Added views:gitlens.views.commitDetails,gitlens.views.lineHistory,gitlens.views.fileHistory,gitlens.views.searchAndCompare in workbench.view.extension.gitlensInspect
2024-03-04 18:55:25.580 [info] Added views:gitlens.views.commits,gitlens.views.branches,gitlens.views.remotes,gitlens.views.stashes,gitlens.views.tags,gitlens.views.contributors in workbench.view.scm
2024-03-04 18:55:25.580 [info] Added views:dockerContainers,dockerImages,dockerRegistries,dockerNetworks,dockerVolumes,vscode-docker.views.dockerContexts,vscode-docker.views.help in workbench.view.extension.dockerView
2024-03-04 18:55:25.686 [info] Added views:workbench.debug.welcome in workbench.view.debug
2024-03-04 18:55:25.728 [info] Added views:workbench.panel.repl.view in workbench.panel.repl
2024-03-04 18:55:25.992 [info] Removed views:gitlens.views.searchAndCompare,gitlens.views.fileHistory,gitlens.views.lineHistory,gitlens.views.commitDetails from workbench.view.extension.gitlensInspect
2024-03-04 18:55:25.993 [info] Removed views:gitlens.views.contributors,gitlens.views.tags,gitlens.views.stashes,gitlens.views.remotes,gitlens.views.branches,gitlens.views.commits from workbench.view.scm
2024-03-04 18:55:26.041 [info] Added views:gitlens.views.drafts in workbench.view.extension.gitlens
2024-03-04 18:55:27.214 [info] Added views:~remote.forwardedPorts in ~remote.forwardedPortsContainer
2024-03-04 18:55:32.600 [info] Added views:workbench.views.extensions.installed,workbench.views.extensions.popular,extensions.recommendedList in workbench.view.extensions
2024-03-04 18:55:32.601 [info] Removed views:workbench.views.extensions.popular from workbench.view.extensions
2024-03-04 18:55:55.678 [info] Added views:workbench.panel.markers.view in workbench.panel.markers
2024-03-04 18:55:55.678 [info] Added views:workbench.panel.output in workbench.panel.output
2024-03-04 18:55:55.678 [info] Added views:terminal in terminal
2024-03-04 18:55:55.678 [info] Added views:outline in workbench.view.explorer
2024-03-04 18:55:55.678 [info] Added views:workbench.scm in workbench.view.scm
2024-03-04 18:55:55.678 [info] Added views:workbench.view.search in workbench.view.search
2024-03-04 18:55:55.678 [info] Added views:timeline in workbench.view.explorer
2024-03-04 18:55:55.678 [info] Added views:workbench.explorer.fileView in workbench.view.explorer
2024-03-04 18:55:55.914 [info] Added views:gitlens.views.home,gitlens.views.workspaces,gitlens.views.account in workbench.view.extension.gitlens
2024-03-04 18:55:55.914 [info] Added views:gitlens.views.commitDetails,gitlens.views.lineHistory,gitlens.views.fileHistory,gitlens.views.searchAndCompare in workbench.view.extension.gitlensInspect
2024-03-04 18:55:55.915 [info] Added views:gitlens.views.commits,gitlens.views.branches,gitlens.views.remotes,gitlens.views.stashes,gitlens.views.tags,gitlens.views.contributors in workbench.view.scm
2024-03-04 18:55:55.915 [info] Added views:dockerContainers,dockerImages,dockerRegistries,dockerNetworks,dockerVolumes,vscode-docker.views.dockerContexts,vscode-docker.views.help in workbench.view.extension.dockerView
2024-03-04 18:55:56.027 [info] Added views:workbench.debug.variablesView,workbench.debug.watchExpressionsView,workbench.debug.callStackView,workbench.debug.breakPointsView in workbench.view.debug
2024-03-04 18:55:56.043 [info] Added views:workbench.panel.repl.view in workbench.panel.repl
2024-03-04 18:55:56.308 [info] Removed views:gitlens.views.searchAndCompare,gitlens.views.fileHistory,gitlens.views.lineHistory,gitlens.views.commitDetails from workbench.view.extension.gitlensInspect
2024-03-04 18:55:56.309 [info] Removed views:gitlens.views.contributors,gitlens.views.tags,gitlens.views.stashes,gitlens.views.remotes,gitlens.views.branches,gitlens.views.commits from workbench.view.scm
2024-03-04 18:55:56.337 [info] Added views:gitlens.views.drafts in workbench.view.extension.gitlens
2024-03-04 18:55:56.397 [info] Added views:~remote.forwardedPorts in ~remote.forwardedPortsContainer
2024-03-04 18:56:00.586 [info] Added views:workbench.views.extensions.installed,workbench.views.extensions.popular,extensions.recommendedList in workbench.view.extensions
2024-03-04 18:56:00.586 [info] Removed views:workbench.views.extensions.popular from workbench.view.extensions
2024-03-04 18:56:03.975 [info] Removed views:extensions.recommendedList,workbench.views.extensions.installed from workbench.view.extensions
2024-03-04 18:56:03.982 [info] Added views:workbench.views.extensions.marketplace in workbench.view.extensions
