1704521990,85,The Fitness Scientist: "Even A Little Alcohol Is Hurting Your Health!" Kristen Holmes,https://www.youtube.com/watch?v=-Hwlvkfp698,143
1704522202,85,The Fitness Scientist: "Even A Little Alcohol Is Hurting Your Health!" Kristen Holmes,https://www.youtube.com/watch?v=-Hwlvkfp698,143
1704522471,85,The Fitness Scientist: "Even A Little Alcohol Is Hurting Your Health!" Kristen Holmes,https://www.youtube.com/watch?v=-Hwlvkfp698,143
1704522506,85,The Fitness Scientist: "Even A Little Alcohol Is Hurting Your Health!" Kristen Holmes,https://www.youtube.com/watch?v=-Hwlvkfp698,143
1704522654,85,The Fitness Scientist: "Even A Little Alcohol Is Hurting Your Health!" Kristen Holmes,https://www.youtube.com/watch?v=-Hwlvkfp698,143
1704522810,85,The Fitness Scientist: "Even A Little Alcohol Is Hurting Your Health!" Kristen Holmes,https://www.youtube.com/watch?v=-Hwlvkfp698,143
1704523147,85,The Fitness Scientist: "Even A Little Alcohol Is Hurting Your Health!" Kristen Holmes,https://www.youtube.com/watch?v=-Hwlvkfp698,143
1704523243,85,The Fitness Scientist: "Even A Little Alcohol Is Hurting Your Health!" Kristen Holmes,https://www.youtube.com/watch?v=-Hwlvkfp698,143
1704524249,85,The Fitness Scientist: "Even A Little Alcohol Is Hurting Your Health!" Kristen Holmes,https://youtu.be/-Hwlvkfp698,128
1704524944,85,The Fitness Scientist: "Even A Little Alcohol Is Hurting Your Health!" Kristen Holmes,https://youtu.be/-Hwlvkfp698,128
1704525148,85,The Fitness Scientist: "Even A Little Alcohol Is Hurting Your Health!" Kristen Holmes,https://youtu.be/-Hwlvkfp698,128
1704525364,85,The Fitness Scientist: "Even A Little Alcohol Is Hurting Your Health!" Kristen Holmes,https://youtu.be/-Hwlvkfp698,128
1704526138,85,The Fitness Scientist: "Even A Little Alcohol Is Hurting Your Health!" Kristen Holmes,https://youtu.be/-Hwlvkfp698,128
1704526221,85,The Fitness Scientist: "Even A Little Alcohol Is Hurting Your Health!" Kristen Holmes,https://youtu.be/-Hwlvkfp698,128
1704526757,85,The Fitness Scientist: "Even A Little Alcohol Is Hurting Your Health!" Kristen Holmes,https://www.youtube.com/watch?v=-Hwlvkfp698,143
1704526812,85,The Fitness Scientist: "Even A Little Alcohol Is Hurting Your Health!" Kristen Holmes,https://www.youtube.com/watch?v=-Hwlvkfp698,143
1704527677,85,The Fitness Scientist: "Even A Little Alcohol Is Hurting Your Health!" Kristen Holmes,https://www.youtube.com/watch?v=-Hwlvkfp698,143
1704527772,,,/home/kira/Videos/Priscilla.2023.1080p.WEBRip.x265.10bit.AAC5.1-[YTS.MX].mp4,89
1704528587,,,/home/kira/Videos/Priscilla.2023.1080p.WEBRip.x265.10bit.AAC5.1-[YTS.MX].mp4,89
1704529353,85,The Fitness Scientist: "Even A Little Alcohol Is Hurting Your Health!" Kristen Holmes,https://www.youtube.com/watch?v=-Hwlvkfp698,143
1704529372,85,The Fitness Scientist: "Even A Little Alcohol Is Hurting Your Health!" Kristen Holmes,https://youtu.be/-Hwlvkfp698,128
1704530190,67,The Top 7 Belly Fat Burning Hacks For 2024 That Are PROVEN To Work!,https://www.youtube.com/watch?v=WJcIfLUR6gg,125
1704530207,67,The Top 7 Belly Fat Burning Hacks For 2024 That Are PROVEN To Work!,https://www.youtube.com/watch?v=WJcIfLUR6gg,125
1704530212,85,The Fitness Scientist: "Even A Little Alcohol Is Hurting Your Health!" Kristen Holmes,https://www.youtube.com/watch?v=-Hwlvkfp698,143
1704534374,85,The Fitness Scientist: "Even A Little Alcohol Is Hurting Your Health!" Kristen Holmes,https://www.youtube.com/watch?v=-Hwlvkfp698,143
1704534392,85,The Fitness Scientist: "Even A Little Alcohol Is Hurting Your Health!" Kristen Holmes,https://youtu.be/-Hwlvkfp698,128
1704536122,,,/home/kira/Videos/Possessor.2020.1080p.BluRay.x264.AAC5.1-[YTS.MX].mp4,83
1704536228,,,/home/kira/Videos/Possessor.2020.1080p.BluRay.x264.AAC5.1-[YTS.MX].mp4,83
1704536295,,,/home/kira/Pictures/Instander/queensandprincesses.ok-01-01-2024-0001.mp4,85
1704536399,,,/home/kira/Pictures/Instander/slayergirl_pubg-30-12-2023-0001.mp4,78
1704536416,,,/home/kira/Pictures/Instander/4zzei-26-12-2023-0001.mp4,68
1704537186,,,/home/kira/Videos/Anatomy Of A Fall (2023) .mkv,60
1704540493,,,/home/kira/Videos/Anatomy Of A Fall (2023) .mkv,60
1704540519,,,/home/kira/Videos/May.December.2023.1080p.WEBRip.x264.AAC5.1-[YTS.MX].mp4,86
1704540828,,,/home/kira/Videos/Christopher Hitchens' Sharpest Arguments Against Religion [2GspDWrvqcY].webm,107
1704540884,,,/home/kira/Videos/Christopher Hitchens' Sharpest Arguments Against Religion [2GspDWrvqcY].webm,107
1704540940,,,/home/kira/Videos/Christopher Hitchens' Sharpest Arguments Against Religion [2GspDWrvqcY].webm,107
1704540947,,,/home/kira/Videos/May.December.2023.1080p.WEBRip.x264.AAC5.1-[YTS.MX].mp4,86
1704549628,,,/home/kira/Videos/I.Still.Hide.To.Smoke.2016.1080p.WEBRip.x264.AAC-[YTS.MX].mp4,92
1704612102,,,/home/kira/Downloads/SARA/_All Dataset/ARP/3sec/ARP1F1.wav,71
1704612106,,,/home/kira/Downloads/SARA/_All Dataset/ARP/3sec/ARP1F3.wav,71
1704612111,,,/home/kira/Downloads/SARA/_All Dataset/ARP/3sec/ARP1F4.wav,71
1704612115,,,/home/kira/Downloads/SARA/_All Dataset/ARP/3sec/ARP1F6.wav,71
1704612119,,,/home/kira/Downloads/SARA/_All Dataset/ARP/3sec/ARP1F7.wav,71
1704612125,,,/home/kira/Downloads/SARA/_All Dataset/ARP/3sec/ARP1M522.wav,73
1704612128,,,/home/kira/Downloads/SARA/_All Dataset/ARP/3sec/ARP7M63.wav,72
1704612133,,,/home/kira/Downloads/SARA/_All Dataset/ARP/3sec/ARP7F14.wav,72
1704612139,,,/home/kira/Downloads/SARA/_All Dataset/ARP/3sec/ARP6M38.wav,72
1704612143,,,/home/kira/Downloads/SARA/_All Dataset/ARP/4sec/ARP1F1.wav,71
1704612147,,,/home/kira/Downloads/SARA/_All Dataset/ARP/4sec/ARP1M12.wav,72
1704612152,,,/home/kira/Downloads/SARA/_All Dataset/ARP/4sec/ARP7M610.wav,73
1704612158,,,/home/kira/Downloads/SARA/_All Dataset/ARP/7sec/ARP2F641.wav,73
1704612167,,,/home/kira/Downloads/SARA/_All Dataset/ARP/7sec/ARP2M7.wav,71
1704612179,,,/home/kira/Downloads/SARA/_All Dataset/EGY/3sec/Egy1F1.wav,71
1704612185,,,/home/kira/Downloads/SARA/_All Dataset/EGY/7sec/Egy1M252.wav,73
1704612198,,,/home/kira/Downloads/SARA/_All Dataset/EGY/7sec/Egy2M30.wav,72
1704612204,,,/home/kira/Downloads/SARA/_All Dataset/EGY/7sec/Egy5F1442.wav,74
1704612211,,,/home/kira/Downloads/SARA/_All Dataset/LEV/4sec/LAV8F10111.wav,75
1704612218,,,/home/kira/Downloads/SARA/_All Dataset/LEV/4sec/LAV8F6129.wav,74
1704612225,,,/home/kira/Downloads/SARA/_All Dataset/LEV/7sec/LAV7F4.wav,71
1705237607,57,شمس وقمر | همس فكري | سعودي ايدول,https://www.youtube.com/watch?v=s4TJETea76Q,115
1705237650,88,سعودي ايدول | المتسابقة التي أذهلت الحكام بصوتها,https://www.youtube.com/watch?v=J3sK4qy9kdg,146
1705237697,88,سعودي ايدول | المتسابقة التي أذهلت الحكام بصوتها,https://www.youtube.com/watch?v=J3sK4qy9kdg,146
1705238099,56,ماعلينا | همس فكري | سعودي ايدول,https://www.youtube.com/watch?v=GREST8em6cc,114
1705238272,88,سعودي ايدول | المتسابقة التي أذهلت الحكام بصوتها,https://www.youtube.com/watch?v=J3sK4qy9kdg,146
1705241107,66,lofi hip hop radio 📚 - beats to relax/study to 2024-01-14 15:05,https://www.youtube.com/watch?v=jfKfPfyJRdk,124
1705241131,66,lofi hip hop radio 📚 - beats to relax/study to 2024-01-14 15:05,https://www.youtube.com/watch?v=jfKfPfyJRdk,124
1705241165,66,lofi hip hop radio 📚 - beats to relax/study to 2024-01-14 15:05,https://www.youtube.com/watch?v=jfKfPfyJRdk,124
1705242244,66,lofi hip hop radio 📚 - beats to relax/study to 2024-01-14 15:24,https://www.youtube.com/watch?v=jfKfPfyJRdk,124
1705248282,66,lofi hip hop radio 📚 - beats to relax/study to 2024-01-14 17:04,https://www.youtube.com/watch?v=jfKfPfyJRdk,124
1705249161,66,lofi hip hop radio 📚 - beats to relax/study to 2024-01-14 17:19,https://www.youtube.com/watch?v=jfKfPfyJRdk,124
1705249267,66,lofi hip hop radio 📚 - beats to relax/study to 2024-01-14 17:20,https://www.youtube.com/watch?v=jfKfPfyJRdk,124
1705348894,66,lofi hip hop radio 📚 - beats to relax/study to 2024-01-15 21:01,https://www.youtube.com/watch?v=jfKfPfyJRdk,124
1705431329,66,lofi hip hop radio 📚 - beats to relax/study to 2024-01-16 19:55,https://www.youtube.com/watch?v=jfKfPfyJRdk,124
1705432920,59,Christopher Nolan Says He Doesn't Use Emails Or Smartphones,https://www.youtube.com/watch?v=nG93fy125Y0,117
1705527289,,,/home/kira/Videos/Apolonia.Apolonia.2022.1080p.WEBRip.x264.AAC5.1-[YTS.MX].mp4,91
1705528069,,,/home/kira/Videos/I.Still.Hide.To.Smoke.2016.1080p.WEBRip.x264.AAC-[YTS.MX].mp4,92
1705528080,,,/home/kira/Videos/Apolonia.Apolonia.2022.1080p.WEBRip.x264.AAC5.1-[YTS.MX].mp4,91
1705700253,10,Allah Maaa,/home/kira/usb/Music/Abass Ibrahim - Lafta/02 - Allah Maaa.flac,88
1705705183,10,زاهية,/home/kira/usb/Music/Abass Ibrahim - زاهية.flac,77
1705738131,,,/home/kira/Pictures/IMG_1688.MOV,45
1705738158,,,/home/kira/Pictures/IMG_1688.MOV,45
1705738201,,,/home/kira/Pictures/video_2024-01-20_09-01-50.mp4,62
1705878829,,,/home/kira/Music/لو على قلبي ❤️ ｜ By Hussein Al Bairaq [1047817229673385].mp4,105
1705955784,66,lofi hip hop radio 📚 - beats to relax/study to 2024-01-22 21:36,https://www.youtube.com/watch?v=jfKfPfyJRdk,124
1705955865,66,lofi hip hop radio 📚 - beats to relax/study to 2024-01-22 21:37,https://www.youtube.com/watch?v=jfKfPfyJRdk,124
1705956498,66,lofi hip hop radio 📚 - beats to relax/study to 2024-01-22 21:48,https://www.youtube.com/watch?v=jfKfPfyJRdk,124
1705975168,56,Best of lofi hip hop 2023 🎉 - beats to relax/study to,https://youtu.be/mmKguZohAck,99
1705975441,44,How To Make Women Want You If You’re Quiet,https://www.youtube.com/watch?v=jkblpon3C50,102
1706118984,66,lofi hip hop radio 📚 - beats to relax/study to 2024-01-24 18:56,https://www.youtube.com/watch?v=jfKfPfyJRdk,124
1706144821,,,/home/kira/phone/Interner gemeinsamer Speicher/Android/data/org.telegram.messenger.web/files/Telegram/Telegram Video/2_5314393907012842951.MOV,155
1706220894,7,Sandooq,/home/kira/Downloads/BS-Assala Nasri - Sandooq.flac,72
1706223028,16,Eshthakarak Biya,/home/kira/Downloads/BS-Balqees - Eshthakarak Biya.flac,86
1706225559,,,/home/kira/حرّة ｜ إنتاج مقاطعة [1699529061].mp3,77
1706225706,,,/home/kira/حرّة ｜ إنتاج مقاطعة [1699529061].mp3,77
1706229415,15,333676782893152,/home/kira/Pictures/Video by bothayna_alessa [C1wdHVhCqvc].mp4,92
1706229461,,,/home/kira/Pictures/Where Tommy and Grace's love story began ❤️ #PeakyBlinders #iPlayer [h1xRURbeKg8].webm,123
1706229534,,,/home/kira/Pictures/𝕲𝖗𝖆𝖈𝖊 𝗗𝗘𝗔𝗧𝗛 😥😔 [B4lX8thm66k].webm,102
1706229579,,,/home/kira/Pictures/𝕲𝖗𝖆𝖈𝖊 𝗗𝗘𝗔𝗧𝗛 😥😔 [B4lX8thm66k].webm,102
1706240990,,,/home/kira/Pictures/Me 2 [881016745841606808].mp4,62
1706242043,,,/home/kira/Downloads/Telegram Desktop/114373865636c3b575401d.mp4,77
1706254550,,,/home/kira/Downloads/income_gpt/1 - Introduction.mp4,65
1706403963,,,/home/kira/nipslip.mp4,35
1706473078,66,lofi hip hop radio 📚 - beats to relax/study to 2024-01-28 21:17,https://www.youtube.com/watch?v=jfKfPfyJRdk,124
1706473127,66,lofi hip hop radio 📚 - beats to relax/study to 2024-01-28 21:18,https://www.youtube.com/watch?v=jfKfPfyJRdk,124
1706479126,66,lofi hip hop radio 📚 - beats to relax/study to 2024-01-28 22:58,https://www.youtube.com/watch?v=jfKfPfyJRdk,124
1706575629,,,/home/kira/Downloads/Telegram Desktop/1_4958545245085107240.mp4,76
1706575635,,,/home/kira/Downloads/Telegram Desktop/1_4958545245085107239.mp4,76
1706575638,,,/home/kira/Downloads/Telegram Desktop/1_4958545245085107238.mp4,76
1706575652,,,/home/kira/Downloads/Telegram Desktop/1_4958545245085107237.mp4,76
1706575657,,,/home/kira/Downloads/Telegram Desktop/20230214233647068_Camera 07_G76940924.mp4,92
1706575690,,,/home/kira/Downloads/Telegram Desktop/Cam12.20240104_004821_1.mp4,78
1706662633,,,/home/kira/Video by ammarodaba [CyrNrzAL_du].mp4,61
1706662637,,,/home/kira/Video by ammarodaba [CyrNrzAL_du].mp4,61
1706667524,,,/home/kira/Downloads/Telegram Desktop/4_5816890043964329783.mp4,76
1706667532,,,/home/kira/Downloads/Telegram Desktop/4_6019526386241244682.mp4,76
1706667557,,,/home/kira/Downloads/Telegram Desktop/4_5805274717229157307.MP4,76
1706667565,,,/home/kira/Downloads/Telegram Desktop/VID-20180129-WA0147.mp4,74
1706667569,,,/home/kira/Downloads/Telegram Desktop/4_5848275891142004473.MP4,76
1706667614,,,/home/kira/Downloads/Telegram Desktop/٢٠٢٢٠٦٢٨_١٦١٩٠٤_edited.mp4,91
1706677079,,,/home/kira/Videos/After.Hours.1985.1080p.BluRay.x264.AAC-[YTS.MX].mp4,82
1706677495,52,#ABtalks with Angham - مع أنغام | Chapter 163,https://youtu.be/lP3lmHGDNlk,95
1706677620,52,#ABtalks with Angham - مع أنغام | Chapter 163,https://youtu.be/lP3lmHGDNlk,95
1706702687,33,How the Mandelbrot set is defined,https://www.youtube.com/watch?v=xJwkj25fFK4,91
1706703240,37,GIANT Rogue wave hits an oil platform,https://www.youtube.com/watch?v=rafK5fxHu8s,95
1706704117,24,Mystery Signal Detected!,https://www.youtube.com/watch?v=z9Q3GkIkhcU,82
1706756293,10,Like Water,/home/kira/usb/Music/Terez Sliman - When the Waves/06 - Like Water.flac,96
1706756462,21,When Tables Will Turn,/home/kira/usb/Music/Terez Sliman - When the Waves/07 - When Tables Will Turn.flac,118
1706756469,14,When the Waves,/home/kira/usb/Music/Terez Sliman - When the Waves/08 - When the Waves.flac,104
1706772316,,,/home/kira/Music/Maryam Saleh ｜ Wahabt Omri Lel Amal ｜ Loustic Sessions [zpf_R4TU8YY].mp4,106
1706775510,,,/home/kira/Videos/Anatomy Of A Fall (2023) .mkv,60
1706775520,,,/home/kira/Videos/After.Hours.1985.1080p.BluRay.x264.AAC-[YTS.MX].mp4,82
1706775533,,,/home/kira/Videos/Anatomy Of A Fall (2023) .mkv,60
1706775543,,,/home/kira/Videos/Apolonia.Apolonia.2022.1080p.WEBRip.x264.AAC5.1-[YTS.MX].mp4,91
1706777206,,,/home/kira/Videos/Anatomy Of A Fall (2023) .mkv,60
1706777264,,,/home/kira/Videos/Apolonia.Apolonia.2022.1080p.WEBRip.x264.AAC5.1-[YTS.MX].mp4,91
1706860698,,,/home/kira/Downloads/utf-8,39
1706863533,,,/home/kira/Downloads/Telegram Desktop/9c6661660f29e659b7205262d928367b9433315b.mp4,95
1706863542,,,/home/kira/Downloads/Telegram Desktop/446d97f7a04fba7a4617ff2bc6e49e46ea651044.mp4,95
1706888210,,,/home/kira/Downloads/Telegram Desktop/hanen_irag.i-28012024-0001.mp4,81
1706888557,,,/home/kira/Downloads/Telegram Desktop/Screen_Recording_20220420-093949_Instagram.mp4,97
1706888581,,,/home/kira/Downloads/Telegram Desktop/Cam12.20240104_004821_1.mp4,78
1706888610,,,/home/kira/Downloads/Telegram Desktop/4_5821400498359504733.mp4,76
1706912603,,,/home/kira/Downloads/utf-8(1),42
1706936693,,,/home/kira/Downloads/aHR0cHM6Ly9zY29udGVudC1zamMzLTEuY2RuaW5zdGFncmFtLmNvbS9vMS92L3QxNi9mMS9tNjkvR01uWEZoVDBNd3F5cHA4R0FOdUtGcll2MlhkaGJ2UTVBQUFGLm1wND9lZmc9ZXlKeFpWOW5jbTkxY0hNaU9pSmJYQ0pwWjE5M1pXSmZaR1ZzYVhabGNubGZkblJ6WDI5MFpsd2lYU0lzSW5abGJtT.mp4,263
1706936804,,,/home/kira/Downloads/aHR0cHM6Ly9zY29udGVudC1zamMzLTEuY2RuaW5zdGFncmFtLmNvbS9vMS92L3QxNi9mMS9tNjkvR01uWEZoVDBNd3F5cHA4R0FOdUtGcll2MlhkaGJ2UTVBQUFGLm1wND9lZmc9ZXlKeFpWOW5jbTkxY0hNaU9pSmJYQ0pwWjE5M1pXSmZaR1ZzYVhabGNubGZkblJ6WDI5MFpsd2lYU0lzSW5abGJtT.mp4,263
1706937359,,,/home/kira/Downloads/aHR0cHM6Ly9zY29udGVudC1zamMzLTEuY2RuaW5zdGFncmFtLmNvbS9vMS92L3QxNi9mMS9tNjkvR01uWEZoVDBNd3F5cHA4R0FOdUtGcll2MlhkaGJ2UTVBQUFGLm1wND9lZmc9ZXlKeFpWOW5jbTkxY0hNaU9pSmJYQ0pwWjE5M1pXSmZaR1ZzYVhabGNubGZkblJ6WDI5MFpsd2lYU0lzSW5abGJtT.mp4,263
1706938427,,,/home/kira/Pictures/Instander/slayergirl_pubg-30-12-2023-0001.mp4,78
1706938833,,,/home/kira/Pictures/Balora fk77 - #AlleFuersKlima #FridaysForFuture  #069forclimate  #GlobalClimateStrike  #Frankfurt  #Klimastreik  ✌🏻✌🏻✌🏻 [1175074048352641029].mp4,193
1706939294,,,/home/kira/Pictures/𝕲𝖗𝖆𝖈𝖊 𝗗𝗘𝗔𝗧𝗛 😥😔 [B4lX8thm66k].webm,102
1707023173,19,بعتلى نظرة,/mnt/usb/Music/Angham - وحدانيه/01 - بعتلى نظرة.flac,102
1707114381,,,/home/kira/tele/1_5073619715436315450.mp4,54
1707114404,,,/home/kira/tele/1_5073619715436315453.mp4,54
1707114429,,,/home/kira/tele/1_5073619715436315450.mp4,54
1707114446,,,/home/kira/tele/1_5073619715436315453.mp4,54
1707212629,14,Norwegian Wood,/home/kira/Downloads/NorwegianWood_ep6.m4a,71
1707215857,66,lofi hip hop radio 📚 - beats to relax/study to 2024-02-06 11:37,https://www.youtube.com/watch?v=jfKfPfyJRdk,124
1707216200,66,lofi hip hop radio 📚 - beats to relax/study to 2024-02-06 11:43,https://www.youtube.com/watch?v=jfKfPfyJRdk,124
1707216374,66,lofi hip hop radio 📚 - beats to relax/study to 2024-02-06 11:46,https://www.youtube.com/watch?v=jfKfPfyJRdk,124
1707218211,62,synthwave radio 🌌 - beats to chill/game to 2024-02-06 12:16,https://youtu.be/4xDzrJKXOOY,105
1707218764,66,lofi hip hop radio 📚 - beats to relax/study to 2024-02-06 12:26,https://www.youtube.com/watch?v=jfKfPfyJRdk,124
1707221069,66,lofi hip hop radio 📚 - beats to relax/study to 2024-02-06 13:04,https://www.youtube.com/watch?v=jfKfPfyJRdk,124
1707224370,69,Classical Music for Reading - Mozart, Chopin, Debussy, Tchaikovsky...,https://youtu.be/mIYzp5rcTvU,112
1707227207,66,lofi hip hop radio 📚 - beats to relax/study to 2024-02-06 14:46,https://www.youtube.com/watch?v=jfKfPfyJRdk,124
1707228270,66,lofi hip hop radio 📚 - beats to relax/study to 2024-02-06 15:04,https://www.youtube.com/watch?v=jfKfPfyJRdk,124
1707239126,134,Recomposed By Max Richter: Vivaldi, The Four Seasons : Richter: Recomposed By Max Richter: Vivaldi, The Four Seasons - Summer 2 (2012),/home/kira/Music/Max Richter - Recomposed By Max Richter_ Vivaldi, The Four Seasons _ Richter_ Recomposed By Max Richter_ Vivaldi, The Four Seasons - Summer 2 (2012).flac,320
1707239303,66,lofi hip hop radio 📚 - beats to relax/study to 2024-02-06 18:08,https://www.youtube.com/watch?v=jfKfPfyJRdk,124
1707319068,66,lofi hip hop radio 📚 - beats to relax/study to 2024-02-07 16:17,https://www.youtube.com/watch?v=jfKfPfyJRdk,124
1707325767,62,synthwave radio 🌌 - beats to chill/game to 2024-02-07 18:09,https://youtu.be/4xDzrJKXOOY,105
1707326886,66,lofi hip hop radio 📚 - beats to relax/study to 2024-02-07 18:28,https://www.youtube.com/watch?v=jfKfPfyJRdk,124
1707328954,69,Classical Music for Reading - Mozart, Chopin, Debussy, Tchaikovsky...,https://youtu.be/mIYzp5rcTvU,112
1707386949,62,synthwave radio 🌌 - beats to chill/game to 2024-02-08 11:09,https://youtu.be/4xDzrJKXOOY,105
1707570900,66,lofi hip hop radio 📚 - beats to relax/study to 2024-02-10 14:14,https://www.youtube.com/watch?v=jfKfPfyJRdk,124
1707579614,66,lofi hip hop radio 📚 - beats to relax/study to 2024-02-10 16:40,https://www.youtube.com/watch?v=jfKfPfyJRdk,124
1707580127,66,lofi hip hop radio 📚 - beats to relax/study to 2024-02-10 16:48,https://www.youtube.com/watch?v=jfKfPfyJRdk,124
1707588646,69,Classical Music for Reading - Mozart, Chopin, Debussy, Tchaikovsky...,https://youtu.be/mIYzp5rcTvU,112
1707588997,66,lofi hip hop radio 📚 - beats to relax/study to 2024-02-10 19:16,https://www.youtube.com/watch?v=jfKfPfyJRdk,124
1707605415,40,توحيد ألمانيا | الدحيح,https://www.youtube.com/watch?v=wsO1Fxxzarc,98
1708148246,14,Norwegian Wood,/home/kira/Audiobooks/NorwegianWood_ep6.m4a,72
1708148287,,,/home/kira/Music/Heik Menghanni - Game 10 - 03⧸05⧸2014 - هيك منغني [Y9qpYDBdUBk].webm,110
1708148290,,,/home/kira/Music/Heik Menghanni - Game 10 - 03⧸05⧸2014 - هيك منغني [Y9qpYDBdUBk].webm,110
1708148300,,,/home/kira/Music/Heik Menghanni - Game 10 - 03⧸05⧸2014 - هيك منغني [Y9qpYDBdUBk].webm,110
1708148432,,,/home/kira/Music/#سايرينا_يا_دنيا بصوتي … 🎶 [TQzwUVurVkU].webm,98
1708148439,,,/home/kira/Music/20180322_033751_1.mp4,51
1708148505,24,Richter: Spring 0 (2012),/home/kira/Music/Max Richter - Recomposed By Max Richter_ Vivaldi, The Four Seasons/01 - Richter_ Spring 0 (2012).flac,157
1708293580,101,قطش ولحش 122 | الأسد يصرّح، السيسي يستقبل، البودكاست يجيب,https://youtu.be/cuOW5k6qaDc,145
1708295816,101,قطش ولحش 122 | الأسد يصرّح، السيسي يستقبل، البودكاست يجيب,https://youtu.be/cuOW5k6qaDc,145
1708296010,101,قطش ولحش 122 | الأسد يصرّح، السيسي يستقبل، البودكاست يجيب,https://youtu.be/cuOW5k6qaDc,145
1708301143,66,lofi hip hop radio 📚 - beats to relax/study to 2024-02-19 01:05,https://www.youtube.com/watch?v=jfKfPfyJRdk,124
1708304937,97,Bassem Youssef on Piers Morgan interview fallout, Jon Stewart and disdain for Biden | Salon Talks,https://youtu.be/Av5OEBOZbHY,140
1708392597,92,طق طق 111 | جمال منصور يحاور عمار دبا | انقلبت الأدوار,https://youtu.be/f8-KX-Ag6i4,135
1708489481,27,The Rainiest Place On Earth,https://invidious.lunar.icu/watch?v=lGJEihgN4OU,89
1708543454,66,lofi hip hop radio 📚 - beats to relax/study to 2024-02-21 20:24,https://www.youtube.com/watch?v=jfKfPfyJRdk,124
1708547601,66,lofi hip hop radio 📚 - beats to relax/study to 2024-02-21 21:33,https://www.youtube.com/watch?v=jfKfPfyJRdk,124
1708560199,,,/home/kira/default_dual.wav,40
1708560201,,,/home/kira/default_mono.wav,40
1708560260,,,/home/kira/Salwitta [755982912836031].mp4,54
1708560784,,,/home/kira/Salwitta [1577536006057357].mp4,55
1708603352,,,/home/kira/Videos/[DLPanda.com]@1_snapchat.mp4,59
1708603643,,,/home/kira/Videos/j0L2oWoQJ7HJk8rqwz49Y.27-BvIzC7.mp4,66
1708603646,,,/home/kira/Videos/memory.2023.1080p.web.h264-rigorousstirringshellfishfromwonderland.mkv,101
1708603651,,,/home/kira/Videos/Spotlight Snap (1) [W7_EDlXWTBiXAEEniNoMPwAAYaGV6dHVsd2hqAYx3CCjlAYx3ATCFAAAAAw？invite_id=ogb6kn1e&locale=en-US&share_id=AzcoCvTXWWw&sid=7c98b327b94e415ab782834908f5749f-1].mp4,209
1708603653,,,/home/kira/Videos/Spotlight Snap (1) [W7_EDlXWTBiXAEEniNoMPwAAYaGV6dHVsd2hqAYx3CCjlAYx3ATCFAAAAAw？invite_id=ogb6kn1e&locale=en-US&share_id=AzcoCvTXWWw&sid=7c98b327b94e415ab782834908f5749f-1].mp4,209
1708651209,,,/home/kira/Videos/Dream.Scenario.2023.1080p.BluRay.x264.AAC5.1-[YTS.MX].mp4,88
1708657219,,,/home/kira/Videos/Dream.Scenario.2023.1080p.BluRay.x264.AAC5.1-[YTS.MX].mp4,88
1708660415,,,/home/kira/Videos/The.Promised.Land.2023.1080p.BluRay.x265.10bit.AAC5.1-[YTS.MX].mp4,97
1708780895,9,Ya Wafiya,/home/kira/Music/Kadim Al Sahir - Maa Alhob/01 - Ya Wafiya.flac,86
1708782238,7,Al Layl,/home/kira/Music/Kadim Al Sahir - Maa Alhob/10 - Al Layl.flac,82
1708782547,11,La Tarhaloo,/home/kira/Music/Kadim Al Sahir - Maa Alhob/13 - La Tarhaloo.flac,91
1708782710,10,Raqsat Omr,/home/kira/Music/Kadim Al Sahir - Maa Alhob/06 - Raqsat Omr.flac,89
1708784260,10,Raqsat Omr,/home/kira/Music/Kadim Al Sahir - Maa Alhob/06 - Raqsat Omr.flac,89
1708784262,10,Raqsat Omr,/home/kira/Music/Kadim Al Sahir - Maa Alhob/06 - Raqsat Omr.flac,89
1708784265,10,Raqsat Omr,/home/kira/Music/Kadim Al Sahir - Maa Alhob/06 - Raqsat Omr.flac,89
1708794676,,,/home/kira/Pictures/aHR0cHM6Ly9zY29udGVudC1zamMzLTEuY2RuaW5zdGFncmFtLmNvbS9vMS92L3QxNi9mMS9tNjkvR01uWEZoVDBNd3F5cHA4R0FOdUtGcll2MlhkaGJ2UTVBQUFGLm1wND9lZmc9ZXlKeFpWOW5jbTkxY0hNaU9pSmJYQ0pwWjE5M1pXSmZaR1ZzYVhabGNubGZkblJ6WDI5MFpsd2lYU0lzSW5abGJtT.mp4,262
1708928985,118,| デスノート / Death Note : Episode - 01 : 新生 / Rebirth | 1080p | BDRip | x265 | DTS-HD_MA 2.0 | Kira [SEV] |,/mnt/usb/Shows/Death Note [2006-2007] 1080p BDRip x265 DTS-HD_MA 2.0 Kira [SEV]/Death Note - Episode - 01 - Rebirth 1080p BDRip x265 DTS-HD_MA 2.0 Kira [SEV].mkv,295
1708929124,124,| デスノート / Death Note : Episode - 02 : 対決 / Confrontation | 1080p | BDRip | x265 | DTS-HD_MA 2.0 | Kira [SEV] |,/mnt/usb/Shows/Death Note [2006-2007] 1080p BDRip x265 DTS-HD_MA 2.0 Kira [SEV]/Death Note - Episode - 02 - Confrontation 1080p BDRip x265 DTS-HD_MA 2.0 Kira [SEV].mkv,307
1709189388,9,Ya Wafiya,/home/kira/Music/Kadim Al Sahir - Maa Alhob/01 - Ya Wafiya.flac,86
1709189831,,,/home/kira/Poor.Things.2023.2160p.WEB-DL.DDP5.1.Atmos.H.265-FLUX[TGx]/Poor.Things.2023.2160p.WEB-DL.DDP5.1.Atmos.H.265-FLUX.mkv,140
1709194892,,,/home/kira/Poor.Things.2023.2160p.WEB-DL.DDP5.1.Atmos.H.265-FLUX[TGx]/Poor.Things.2023.2160p.WEB-DL.DDP5.1.Atmos.H.265-FLUX.mkv,140
1709196317,,,/home/kira/Poor.Things.2023.2160p.WEB-DL.DDP5.1.Atmos.H.265-FLUX[TGx]/Poor.Things.2023.2160p.WEB-DL.DDP5.1.Atmos.H.265-FLUX.mkv,140
1709381018,43,Leap Year Bugs Break Faulty Payment Systems,https://www.youtube.com/watch?v=YezeDdGBaYA,101
1709381306,43,Leap Year Bugs Break Faulty Payment Systems,https://youtube.com/watch?v=YezeDdGBaYA,97
1709381349,69,Calculus (01) - Intro | التفاضل و التكامل - مقدمة,https://youtube.com/watch?v=pqZvxYKSMnc,123
1709497321,36,Adele - Hello (Official Music Video),https://youtube.com/watch?v=YQHsXMglC9A,90
1709573260,,,/tmp/ytfzf-1000/hello-1235287/thumbnails/YQHsXMglC9A.jpg,69
1709573414,,,/tmp/ytfzf-1000/hello-1252946/thumbnails/YQHsXMglC9A.jpg,69
1709745227,66,lofi hip hop radio 📚 - beats to relax/study to 2024-03-06 18:13,https://www.youtube.com/watch?v=jfKfPfyJRdk,124
1709747802,66,lofi hip hop radio 📚 - beats to relax/study to 2024-03-06 18:56,https://www.youtube.com/watch?v=jfKfPfyJRdk,124
1709808080,66,lofi hip hop radio 📚 - beats to relax/study to 2024-03-07 11:41,https://www.youtube.com/watch?v=jfKfPfyJRdk,124
1709811227,66,lofi hip hop radio 📚 - beats to relax/study to 2024-03-07 12:33,https://www.youtube.com/watch?v=jfKfPfyJRdk,124
1709818506,62,synthwave radio 🌌 - beats to chill/game to 2024-03-07 14:35,https://youtu.be/4xDzrJKXOOY,105
1709819899,102,Jazz Relaxing Music for Working, Studying ☕ Warm Jazz Instrumental Music ~ Cozy Coffee Shop Ambience,https://youtu.be/H-OHrnNy2Cs,146
1709827446,66,lofi hip hop radio 📚 - beats to relax/study to 2024-03-07 17:04,https://www.youtube.com/watch?v=jfKfPfyJRdk,124
1709920581,66,lofi hip hop radio 📚 - beats to relax/study to 2024-03-08 18:56,https://www.youtube.com/watch?v=jfKfPfyJRdk,124
1709922312,66,lofi hip hop radio 📚 - beats to relax/study to 2024-03-08 19:25,https://www.youtube.com/watch?v=jfKfPfyJRdk,124
1709997982,62,synthwave radio 🌌 - beats to chill/game to 2024-03-09 16:26,https://youtu.be/4xDzrJKXOOY,105
1709998312,66,lofi hip hop radio 📚 - beats to relax/study to 2024-03-09 16:31,https://www.youtube.com/watch?v=jfKfPfyJRdk,124
