2024-02-19 02:45:25.805 [info] Log level: Info
2024-02-19 02:45:25.805 [info] Validating found git in: "git"
2024-02-19 02:45:25.805 [info] Using git "2.43.2" from "git"
2024-02-19 02:45:25.805 [info] > git rev-parse --show-toplevel [5ms]
2024-02-19 02:45:25.805 [info] fatal: not a git repository (or any parent up to mount point /)
Stopping at filesystem boundary (GIT_DISCOVERY_ACROSS_FILESYSTEM not set).
2024-02-19 02:45:25.805 [info] > git rev-parse --show-toplevel [15ms]
2024-02-19 02:45:25.805 [info] fatal: not a git repository (or any parent up to mount point /)
Stopping at filesystem boundary (GIT_DISCOVERY_ACROSS_FILESYSTEM not set).
2024-02-19 02:45:25.806 [info] > git rev-parse --show-toplevel [2ms]
2024-02-19 02:45:25.806 [info] fatal: not a git repository (or any parent up to mount point /)
Stopping at filesystem boundary (GIT_DISCOVERY_ACROSS_FILESYSTEM not set).
2024-02-19 02:45:25.812 [info] > git rev-parse --show-toplevel [1ms]
2024-02-19 02:45:25.812 [info] fatal: not a git repository (or any parent up to mount point /)
Stopping at filesystem boundary (GIT_DISCOVERY_ACROSS_FILESYSTEM not set).
2024-02-19 02:45:25.817 [info] > git rev-parse --show-toplevel [1ms]
2024-02-19 02:45:25.817 [info] fatal: not a git repository (or any parent up to mount point /)
Stopping at filesystem boundary (GIT_DISCOVERY_ACROSS_FILESYSTEM not set).
2024-02-19 02:45:25.822 [info] > git rev-parse --show-toplevel [1ms]
2024-02-19 02:45:25.822 [info] fatal: not a git repository (or any parent up to mount point /)
Stopping at filesystem boundary (GIT_DISCOVERY_ACROSS_FILESYSTEM not set).
2024-02-19 02:45:25.829 [info] > git rev-parse --show-toplevel [3ms]
2024-02-19 02:45:25.829 [info] fatal: not a git repository (or any parent up to mount point /)
Stopping at filesystem boundary (GIT_DISCOVERY_ACROSS_FILESYSTEM not set).
2024-02-19 02:45:25.837 [info] > git rev-parse --show-toplevel [3ms]
2024-02-19 02:45:25.837 [info] fatal: not a git repository (or any parent up to mount point /)
Stopping at filesystem boundary (GIT_DISCOVERY_ACROSS_FILESYSTEM not set).
2024-02-19 02:45:26.042 [info] > git rev-parse --show-toplevel [1ms]
2024-02-19 02:45:26.042 [info] fatal: not a git repository (or any parent up to mount point /)
Stopping at filesystem boundary (GIT_DISCOVERY_ACROSS_FILESYSTEM not set).
