2024-02-18 23:13:41.120 [info] Log level: Info
2024-02-18 23:13:41.120 [info] Validating found git in: "git"
2024-02-18 23:13:41.120 [info] Using git "2.43.2" from "git"
2024-02-18 23:13:41.120 [info] > git rev-parse --show-toplevel [4ms]
2024-02-18 23:13:41.120 [info] fatal: not a git repository (or any parent up to mount point /)
Stopping at filesystem boundary (GIT_DISCOVERY_ACROSS_FILESYSTEM not set).
2024-02-18 23:13:41.120 [info] > git rev-parse --show-toplevel [17ms]
2024-02-18 23:13:41.120 [info] fatal: not a git repository (or any parent up to mount point /)
Stopping at filesystem boundary (GIT_DISCOVERY_ACROSS_FILESYSTEM not set).
2024-02-18 23:13:41.120 [info] > git rev-parse --show-toplevel [5ms]
2024-02-18 23:13:41.120 [info] fatal: not a git repository (or any parent up to mount point /)
Stopping at filesystem boundary (GIT_DISCOVERY_ACROSS_FILESYSTEM not set).
2024-02-18 23:13:41.138 [info] > git rev-parse --show-toplevel [4ms]
2024-02-18 23:13:41.138 [info] fatal: not a git repository (or any parent up to mount point /)
Stopping at filesystem boundary (GIT_DISCOVERY_ACROSS_FILESYSTEM not set).
2024-02-18 23:13:41.162 [info] > git rev-parse --show-toplevel [2ms]
2024-02-18 23:13:41.162 [info] fatal: not a git repository (or any parent up to mount point /)
Stopping at filesystem boundary (GIT_DISCOVERY_ACROSS_FILESYSTEM not set).
2024-02-18 23:13:41.185 [info] > git rev-parse --show-toplevel [2ms]
2024-02-18 23:13:41.185 [info] fatal: not a git repository (or any parent up to mount point /)
Stopping at filesystem boundary (GIT_DISCOVERY_ACROSS_FILESYSTEM not set).
2024-02-18 23:13:41.206 [info] > git rev-parse --show-toplevel [1ms]
2024-02-18 23:13:41.206 [info] fatal: not a git repository (or any parent up to mount point /)
Stopping at filesystem boundary (GIT_DISCOVERY_ACROSS_FILESYSTEM not set).
2024-02-18 23:13:41.251 [info] > git rev-parse --show-toplevel [3ms]
2024-02-18 23:13:41.251 [info] fatal: not a git repository (or any parent up to mount point /)
Stopping at filesystem boundary (GIT_DISCOVERY_ACROSS_FILESYSTEM not set).
2024-02-18 23:13:42.658 [info] > git rev-parse --show-toplevel [2ms]
2024-02-18 23:13:42.658 [info] fatal: not a git repository (or any parent up to mount point /)
Stopping at filesystem boundary (GIT_DISCOVERY_ACROSS_FILESYSTEM not set).
2024-02-18 23:13:42.991 [info] > git rev-parse --show-toplevel [1ms]
2024-02-18 23:13:42.991 [info] fatal: not a git repository (or any parent up to mount point /)
Stopping at filesystem boundary (GIT_DISCOVERY_ACROSS_FILESYSTEM not set).
2024-02-18 23:14:09.277 [info] > git rev-parse --show-toplevel [1ms]
2024-02-18 23:14:09.277 [info] fatal: not a git repository (or any parent up to mount point /)
Stopping at filesystem boundary (GIT_DISCOVERY_ACROSS_FILESYSTEM not set).
2024-02-18 23:14:11.775 [info] > git rev-parse --show-toplevel [1ms]
2024-02-18 23:14:11.776 [info] fatal: not a git repository (or any parent up to mount point /)
Stopping at filesystem boundary (GIT_DISCOVERY_ACROSS_FILESYSTEM not set).
2024-02-18 23:14:12.277 [info] > git rev-parse --show-toplevel [1ms]
2024-02-18 23:14:12.277 [info] fatal: not a git repository (or any parent up to mount point /)
Stopping at filesystem boundary (GIT_DISCOVERY_ACROSS_FILESYSTEM not set).
2024-02-18 23:14:13.240 [info] > git rev-parse --show-toplevel [0ms]
2024-02-18 23:14:13.240 [info] fatal: not a git repository (or any parent up to mount point /)
Stopping at filesystem boundary (GIT_DISCOVERY_ACROSS_FILESYSTEM not set).
2024-02-18 23:14:14.261 [info] > git rev-parse --show-toplevel [2ms]
2024-02-18 23:14:14.261 [info] fatal: not a git repository (or any parent up to mount point /)
Stopping at filesystem boundary (GIT_DISCOVERY_ACROSS_FILESYSTEM not set).
2024-02-18 23:14:14.663 [info] > git rev-parse --show-toplevel [1ms]
2024-02-18 23:14:14.663 [info] fatal: not a git repository (or any parent up to mount point /)
Stopping at filesystem boundary (GIT_DISCOVERY_ACROSS_FILESYSTEM not set).
2024-02-18 23:14:15.055 [info] > git rev-parse --show-toplevel [1ms]
2024-02-18 23:14:15.055 [info] fatal: not a git repository (or any parent up to mount point /)
Stopping at filesystem boundary (GIT_DISCOVERY_ACROSS_FILESYSTEM not set).
