2024-02-18 21:18:30.538 [info] Log level: Info
2024-02-18 21:18:30.538 [info] Validating found git in: "git"
2024-02-18 21:18:30.538 [info] Using git "2.43.2" from "git"
2024-02-18 21:18:30.538 [info] > git rev-parse --show-toplevel [5ms]
2024-02-18 21:18:30.538 [info] fatal: not a git repository (or any parent up to mount point /)
Stopping at filesystem boundary (GIT_DISCOVERY_ACROSS_FILESYSTEM not set).
2024-02-18 21:18:30.538 [info] > git rev-parse --show-toplevel [3ms]
2024-02-18 21:18:30.538 [info] fatal: not a git repository (or any parent up to mount point /)
Stopping at filesystem boundary (GIT_DISCOVERY_ACROSS_FILESYSTEM not set).
2024-02-18 21:18:30.538 [info] > git rev-parse --show-toplevel [8ms]
2024-02-18 21:18:30.538 [info] fatal: not a git repository (or any parent up to mount point /)
Stopping at filesystem boundary (GIT_DISCOVERY_ACROSS_FILESYSTEM not set).
2024-02-18 21:18:30.544 [info] > git rev-parse --show-toplevel [1ms]
2024-02-18 21:18:30.544 [info] fatal: not a git repository (or any parent up to mount point /)
Stopping at filesystem boundary (GIT_DISCOVERY_ACROSS_FILESYSTEM not set).
2024-02-18 21:18:30.551 [info] > git rev-parse --show-toplevel [2ms]
2024-02-18 21:18:30.551 [info] fatal: not a git repository (or any parent up to mount point /)
Stopping at filesystem boundary (GIT_DISCOVERY_ACROSS_FILESYSTEM not set).
2024-02-18 21:18:30.556 [info] > git rev-parse --show-toplevel [1ms]
2024-02-18 21:18:30.556 [info] fatal: not a git repository (or any parent up to mount point /)
Stopping at filesystem boundary (GIT_DISCOVERY_ACROSS_FILESYSTEM not set).
2024-02-18 21:18:30.561 [info] > git rev-parse --show-toplevel [1ms]
2024-02-18 21:18:30.561 [info] fatal: not a git repository (or any parent up to mount point /)
Stopping at filesystem boundary (GIT_DISCOVERY_ACROSS_FILESYSTEM not set).
2024-02-18 21:18:30.764 [info] > git rev-parse --show-toplevel [1ms]
2024-02-18 21:18:30.764 [info] fatal: not a git repository (or any parent up to mount point /)
Stopping at filesystem boundary (GIT_DISCOVERY_ACROSS_FILESYSTEM not set).
