2024-02-19 02:51:05.765 [info] Added views:workbench.panel.markers.view in workbench.panel.markers
2024-02-19 02:51:05.765 [info] Added views:workbench.panel.output in workbench.panel.output
2024-02-19 02:51:05.765 [info] Added views:terminal in terminal
2024-02-19 02:51:05.765 [info] Added views:outline in workbench.view.explorer
2024-02-19 02:51:05.765 [info] Added views:workbench.scm in workbench.view.scm
2024-02-19 02:51:05.765 [info] Added views:workbench.view.search in workbench.view.search
2024-02-19 02:51:05.765 [info] Added views:timeline in workbench.view.explorer
2024-02-19 02:51:05.765 [info] Added views:workbench.explorer.fileView in workbench.view.explorer
2024-02-19 02:51:06.189 [info] Added views:workbench.debug.variablesView,workbench.debug.watchExpressionsView,workbench.debug.callStackView,workbench.debug.breakPointsView in workbench.view.debug
2024-02-19 02:51:06.214 [info] Added views:workbench.panel.repl.view in workbench.panel.repl
2024-02-19 02:51:06.527 [info] Added views:~remote.forwardedPorts in ~remote.forwardedPortsContainer
2024-02-19 02:51:08.408 [info] Added views:workbench.views.extensions.installed,workbench.views.extensions.popular,extensions.recommendedList in workbench.view.extensions
2024-02-19 02:51:08.409 [info] Removed views:workbench.views.extensions.popular from workbench.view.extensions
2024-02-19 02:51:08.645 [info] Added views:workbench.views.extensions.popular in workbench.view.extensions
2024-02-19 02:51:32.932 [info] Added views:dockerContainers,dockerImages,dockerRegistries,dockerNetworks,dockerVolumes,vscode-docker.views.dockerContexts,vscode-docker.views.help in workbench.view.extension.dockerView
2024-02-19 02:51:34.094 [info] Added views:gitlens.views.home,gitlens.views.workspaces,gitlens.views.account in workbench.view.extension.gitlens
2024-02-19 02:51:34.115 [info] Added views:gitlens.views.commitDetails,gitlens.views.lineHistory,gitlens.views.fileHistory,gitlens.views.searchAndCompare in workbench.view.extension.gitlensInspect
2024-02-19 02:51:34.124 [info] Added views:gitlens.views.commits,gitlens.views.branches,gitlens.views.remotes,gitlens.views.stashes,gitlens.views.tags,gitlens.views.contributors in workbench.view.scm
2024-02-19 02:51:34.954 [info] Removed views:gitlens.views.searchAndCompare,gitlens.views.fileHistory,gitlens.views.lineHistory,gitlens.views.commitDetails from workbench.view.extension.gitlensInspect
2024-02-19 02:51:34.963 [info] Removed views:gitlens.views.contributors,gitlens.views.tags,gitlens.views.stashes,gitlens.views.remotes,gitlens.views.branches,gitlens.views.commits from workbench.view.scm
2024-02-19 02:51:35.384 [info] Added views:gitlens.views.drafts in workbench.view.extension.gitlens
2024-02-19 02:52:35.249 [info] Removed views:extensions.recommendedList,workbench.views.extensions.popular,workbench.views.extensions.installed from workbench.view.extensions
2024-02-19 02:52:35.258 [info] Added views:workbench.views.extensions.marketplace in workbench.view.extensions
