2024-02-10 19:30:51.276 [info] Extension host with pid 884880 started
2024-02-10 19:30:51.277 [info] Skipping acquiring lock for /home/kira/.config/VSCodium/User/workspaceStorage/a009844f650ff2137d1d0fc7153f1f78.
2024-02-10 19:30:51.439 [info] ExtensionService#_doActivateExtension tomoki1207.pdf, startup: false, activationEvent: 'onCustomEditor:pdf.preview'
2024-02-10 19:30:51.466 [info] Extension host with pid 884914 started
2024-02-10 19:30:51.466 [info] Skipping acquiring lock for /home/kira/.config/VSCodium/User/workspaceStorage/a009844f650ff2137d1d0fc7153f1f78.
2024-02-10 19:30:51.506 [info] Eager extensions activated
2024-02-10 19:30:51.582 [info] ExtensionService#_doActivateExtension asvetliakov.vscode-neovim, startup: false, activationEvent: 'onStartupFinished'
2024-02-10 19:30:51.587 [info] ExtensionService#_doActivateExtension vscode.git-base, startup: true, activationEvent: '*', root cause: vscode.git
2024-02-10 19:30:51.592 [info] ExtensionService#_doActivateExtension formulahendry.auto-close-tag, startup: true, activationEvent: '*'
2024-02-10 19:30:51.675 [info] ExtensionService#_doActivateExtension vscode.git, startup: true, activationEvent: '*'
2024-02-10 19:30:51.710 [info] ExtensionService#_doActivateExtension vscode.github, startup: true, activationEvent: '*'
2024-02-10 19:30:51.770 [info] Eager extensions activated
2024-02-10 19:30:51.829 [info] ExtensionService#_doActivateExtension vscode.debug-auto-launch, startup: false, activationEvent: 'onStartupFinished'
2024-02-10 19:30:51.832 [info] ExtensionService#_doActivateExtension vscode.merge-conflict, startup: false, activationEvent: 'onStartupFinished'
2024-02-10 19:30:51.839 [info] ExtensionService#_doActivateExtension Catppuccin.catppuccin-vsc-icons, startup: false, activationEvent: 'onStartupFinished'
2024-02-10 19:30:51.976 [info] ExtensionService#_doActivateExtension cweijan.vscode-mysql-client2, startup: false, activationEvent: 'onStartupFinished'
2024-02-10 19:30:52.606 [info] ExtensionService#_doActivateExtension eamodio.gitlens, startup: false, activationEvent: 'onStartupFinished'
2024-02-10 19:30:52.706 [info] ExtensionService#_doActivateExtension formulahendry.code-runner, startup: false, activationEvent: 'onStartupFinished'
2024-02-10 19:30:52.759 [info] ExtensionService#_doActivateExtension PKief.material-icon-theme, startup: false, activationEvent: 'onStartupFinished'
2024-02-10 19:30:52.773 [info] ExtensionService#_doActivateExtension vadimcn.vscode-lldb, startup: false, activationEvent: 'onStartupFinished'
