2024-02-21 05:25:19.826 [info] Added views:workbench.panel.markers.view in workbench.panel.markers
2024-02-21 05:25:19.826 [info] Added views:workbench.panel.output in workbench.panel.output
2024-02-21 05:25:19.826 [info] Added views:terminal in terminal
2024-02-21 05:25:19.826 [info] Added views:outline in workbench.view.explorer
2024-02-21 05:25:19.826 [info] Added views:workbench.scm in workbench.view.scm
2024-02-21 05:25:19.826 [info] Added views:workbench.view.search in workbench.view.search
2024-02-21 05:25:19.826 [info] Added views:timeline in workbench.view.explorer
2024-02-21 05:25:19.826 [info] Added views:workbench.explorer.emptyView in workbench.view.explorer
2024-02-21 05:25:19.997 [info] Added views:workbench.debug.variablesView,workbench.debug.watchExpressionsView,workbench.debug.callStackView,workbench.debug.breakPointsView in workbench.view.debug
2024-02-21 05:25:20.224 [info] Added views:gitlens.views.home,gitlens.views.workspaces,gitlens.views.account in workbench.view.extension.gitlens
2024-02-21 05:25:20.225 [info] Added views:gitlens.views.commitDetails,gitlens.views.lineHistory,gitlens.views.fileHistory,gitlens.views.searchAndCompare in workbench.view.extension.gitlensInspect
2024-02-21 05:25:20.226 [info] Added views:gitlens.views.commits,gitlens.views.branches,gitlens.views.remotes,gitlens.views.stashes,gitlens.views.tags,gitlens.views.contributors in workbench.view.scm
2024-02-21 05:25:20.226 [info] Added views:dockerContainers,dockerImages,dockerRegistries,dockerNetworks,dockerVolumes,vscode-docker.views.dockerContexts,vscode-docker.views.help in workbench.view.extension.dockerView
2024-02-21 05:25:20.332 [info] Added views:workbench.panel.repl.view in workbench.panel.repl
2024-02-21 05:25:20.337 [info] Removed views:workbench.debug.breakPointsView,workbench.debug.callStackView,workbench.debug.watchExpressionsView,workbench.debug.variablesView from workbench.view.debug
2024-02-21 05:25:20.337 [info] Added views:workbench.debug.welcome in workbench.view.debug
2024-02-21 05:25:20.672 [info] Removed views:gitlens.views.searchAndCompare,gitlens.views.fileHistory,gitlens.views.lineHistory,gitlens.views.commitDetails from workbench.view.extension.gitlensInspect
2024-02-21 05:25:20.673 [info] Removed views:gitlens.views.contributors,gitlens.views.tags,gitlens.views.stashes,gitlens.views.remotes,gitlens.views.branches,gitlens.views.commits from workbench.view.scm
2024-02-21 05:25:20.731 [info] Added views:gitlens.views.drafts in workbench.view.extension.gitlens
2024-02-21 05:25:20.796 [info] Added views:gitlens.views.commitDetails,gitlens.views.lineHistory,gitlens.views.fileHistory,gitlens.views.searchAndCompare in workbench.view.extension.gitlensInspect
2024-02-21 05:25:20.798 [info] Added views:gitlens.views.commits,gitlens.views.branches,gitlens.views.remotes,gitlens.views.stashes,gitlens.views.tags,gitlens.views.contributors in workbench.view.scm
2024-02-21 05:25:20.897 [info] Added views:~remote.forwardedPorts in ~remote.forwardedPortsContainer
2024-02-21 05:25:22.014 [info] Added views:gitlens.views.graph,gitlens.views.graphDetails in workbench.view.extension.gitlensPanel
2024-02-21 05:25:22.015 [info] Added views:gitlens.views.timeline in workbench.view.extension.gitlensInspect
2024-02-21 05:25:22.017 [info] Added views:gitlens.views.worktrees in workbench.view.scm
