2024-02-18 23:07:31.341 [info] Log level: Info
2024-02-18 23:07:31.342 [info] Validating found git in: "git"
2024-02-18 23:07:31.342 [info] Using git "2.43.2" from "git"
2024-02-18 23:07:31.342 [info] > git rev-parse --show-toplevel [7ms]
2024-02-18 23:07:31.342 [info] fatal: not a git repository (or any parent up to mount point /)
Stopping at filesystem boundary (GIT_DISCOVERY_ACROSS_FILESYSTEM not set).
2024-02-18 23:07:31.342 [info] > git rev-parse --show-toplevel [14ms]
2024-02-18 23:07:31.342 [info] fatal: not a git repository (or any parent up to mount point /)
Stopping at filesystem boundary (GIT_DISCOVERY_ACROSS_FILESYSTEM not set).
2024-02-18 23:07:31.344 [info] > git rev-parse --show-toplevel [2ms]
2024-02-18 23:07:31.344 [info] fatal: not a git repository (or any parent up to mount point /)
Stopping at filesystem boundary (GIT_DISCOVERY_ACROSS_FILESYSTEM not set).
2024-02-18 23:07:31.369 [info] > git rev-parse --show-toplevel [4ms]
2024-02-18 23:07:31.369 [info] fatal: not a git repository (or any parent up to mount point /)
Stopping at filesystem boundary (GIT_DISCOVERY_ACROSS_FILESYSTEM not set).
2024-02-18 23:07:31.389 [info] > git rev-parse --show-toplevel [2ms]
2024-02-18 23:07:31.389 [info] fatal: not a git repository (or any parent up to mount point /)
Stopping at filesystem boundary (GIT_DISCOVERY_ACROSS_FILESYSTEM not set).
2024-02-18 23:07:31.408 [info] > git rev-parse --show-toplevel [3ms]
2024-02-18 23:07:31.409 [info] fatal: not a git repository (or any parent up to mount point /)
Stopping at filesystem boundary (GIT_DISCOVERY_ACROSS_FILESYSTEM not set).
2024-02-18 23:07:31.430 [info] > git rev-parse --show-toplevel [3ms]
2024-02-18 23:07:31.430 [info] fatal: not a git repository (or any parent up to mount point /)
Stopping at filesystem boundary (GIT_DISCOVERY_ACROSS_FILESYSTEM not set).
2024-02-18 23:07:31.452 [info] > git rev-parse --show-toplevel [1ms]
2024-02-18 23:07:31.452 [info] fatal: not a git repository (or any parent up to mount point /)
Stopping at filesystem boundary (GIT_DISCOVERY_ACROSS_FILESYSTEM not set).
2024-02-18 23:07:32.856 [info] > git rev-parse --show-toplevel [2ms]
2024-02-18 23:07:32.856 [info] fatal: not a git repository (or any parent up to mount point /)
Stopping at filesystem boundary (GIT_DISCOVERY_ACROSS_FILESYSTEM not set).
2024-02-18 23:07:33.262 [info] > git rev-parse --show-toplevel [3ms]
2024-02-18 23:07:33.262 [info] fatal: not a git repository (or any parent up to mount point /)
Stopping at filesystem boundary (GIT_DISCOVERY_ACROSS_FILESYSTEM not set).
