2024-02-18 23:11:35.682 [info] Log level: Info
2024-02-18 23:11:35.682 [info] Validating found git in: "git"
2024-02-18 23:11:35.682 [info] Using git "2.43.2" from "git"
2024-02-18 23:11:35.682 [info] > git rev-parse --show-toplevel [3ms]
2024-02-18 23:11:35.682 [info] fatal: not a git repository (or any parent up to mount point /)
Stopping at filesystem boundary (GIT_DISCOVERY_ACROSS_FILESYSTEM not set).
2024-02-18 23:11:35.682 [info] > git rev-parse --show-toplevel [5ms]
2024-02-18 23:11:35.682 [info] fatal: not a git repository (or any parent up to mount point /)
Stopping at filesystem boundary (GIT_DISCOVERY_ACROSS_FILESYSTEM not set).
2024-02-18 23:11:35.682 [info] > git rev-parse --show-toplevel [1ms]
2024-02-18 23:11:35.682 [info] fatal: not a git repository (or any parent up to mount point /)
Stopping at filesystem boundary (GIT_DISCOVERY_ACROSS_FILESYSTEM not set).
2024-02-18 23:11:35.691 [info] > git rev-parse --show-toplevel [2ms]
2024-02-18 23:11:35.691 [info] fatal: not a git repository (or any parent up to mount point /)
Stopping at filesystem boundary (GIT_DISCOVERY_ACROSS_FILESYSTEM not set).
2024-02-18 23:11:35.696 [info] > git rev-parse --show-toplevel [1ms]
2024-02-18 23:11:35.696 [info] fatal: not a git repository (or any parent up to mount point /)
Stopping at filesystem boundary (GIT_DISCOVERY_ACROSS_FILESYSTEM not set).
2024-02-18 23:11:35.700 [info] > git rev-parse --show-toplevel [0ms]
2024-02-18 23:11:35.700 [info] fatal: not a git repository (or any parent up to mount point /)
Stopping at filesystem boundary (GIT_DISCOVERY_ACROSS_FILESYSTEM not set).
2024-02-18 23:11:35.708 [info] > git rev-parse --show-toplevel [1ms]
2024-02-18 23:11:35.708 [info] fatal: not a git repository (or any parent up to mount point /)
Stopping at filesystem boundary (GIT_DISCOVERY_ACROSS_FILESYSTEM not set).
2024-02-18 23:11:37.266 [info] > git rev-parse --show-toplevel [1ms]
2024-02-18 23:11:37.266 [info] fatal: not a git repository (or any parent up to mount point /)
Stopping at filesystem boundary (GIT_DISCOVERY_ACROSS_FILESYSTEM not set).
2024-02-18 23:11:37.521 [info] > git rev-parse --show-toplevel [1ms]
2024-02-18 23:11:37.521 [info] fatal: not a git repository (or any parent up to mount point /)
Stopping at filesystem boundary (GIT_DISCOVERY_ACROSS_FILESYSTEM not set).
