2024-02-19 00:08:20.049 [info] Added views:workbench.panel.markers.view in workbench.panel.markers
2024-02-19 00:08:20.050 [info] Added views:workbench.panel.output in workbench.panel.output
2024-02-19 00:08:20.050 [info] Added views:terminal in terminal
2024-02-19 00:08:20.050 [info] Added views:outline in workbench.view.explorer
2024-02-19 00:08:20.050 [info] Added views:workbench.scm in workbench.view.scm
2024-02-19 00:08:20.050 [info] Added views:workbench.view.search in workbench.view.search
2024-02-19 00:08:20.050 [info] Added views:timeline in workbench.view.explorer
2024-02-19 00:08:20.050 [info] Added views:workbench.explorer.fileView in workbench.view.explorer
2024-02-19 00:08:20.568 [info] Added views:workbench.debug.variablesView,workbench.debug.watchExpressionsView,workbench.debug.callStackView,workbench.debug.breakPointsView in workbench.view.debug
2024-02-19 00:08:20.717 [info] Added views:workbench.panel.repl.view in workbench.panel.repl
2024-02-19 00:08:20.944 [info] Added views:~remote.forwardedPorts in ~remote.forwardedPortsContainer
2024-02-19 00:08:22.627 [info] Added views:workbench.views.extensions.installed,workbench.views.extensions.popular,extensions.recommendedList in workbench.view.extensions
2024-02-19 00:08:22.628 [info] Removed views:workbench.views.extensions.popular from workbench.view.extensions
2024-02-19 00:08:22.859 [info] Added views:workbench.views.extensions.popular in workbench.view.extensions
2024-02-19 00:08:28.760 [info] Removed views:extensions.recommendedList,workbench.views.extensions.popular,workbench.views.extensions.installed from workbench.view.extensions
2024-02-19 00:08:28.776 [info] Added views:workbench.views.extensions.marketplace in workbench.view.extensions
2024-02-19 00:08:29.832 [info] Removed views:workbench.views.extensions.marketplace from workbench.view.extensions
2024-02-19 00:08:29.845 [info] Added views:workbench.views.extensions.installed,workbench.views.extensions.popular,extensions.recommendedList in workbench.view.extensions
2024-02-19 00:08:31.754 [info] Removed views:extensions.recommendedList,workbench.views.extensions.popular,workbench.views.extensions.installed from workbench.view.extensions
2024-02-19 00:08:31.767 [info] Added views:workbench.views.extensions.marketplace in workbench.view.extensions
