2024-02-18 23:14:21.393 [info] Log level: Info
2024-02-18 23:14:21.393 [info] Validating found git in: "git"
2024-02-18 23:14:21.393 [info] Using git "2.43.2" from "git"
2024-02-18 23:14:21.393 [info] > git rev-parse --show-toplevel [3ms]
2024-02-18 23:14:21.393 [info] fatal: not a git repository (or any parent up to mount point /)
Stopping at filesystem boundary (GIT_DISCOVERY_ACROSS_FILESYSTEM not set).
2024-02-18 23:14:21.393 [info] > git rev-parse --show-toplevel [2ms]
2024-02-18 23:14:21.393 [info] fatal: not a git repository (or any parent up to mount point /)
Stopping at filesystem boundary (GIT_DISCOVERY_ACROSS_FILESYSTEM not set).
2024-02-18 23:14:21.393 [info] > git rev-parse --show-toplevel [9ms]
2024-02-18 23:14:21.393 [info] fatal: not a git repository (or any parent up to mount point /)
Stopping at filesystem boundary (GIT_DISCOVERY_ACROSS_FILESYSTEM not set).
2024-02-18 23:14:21.393 [info] > git rev-parse --show-toplevel [3ms]
2024-02-18 23:14:21.393 [info] fatal: not a git repository (or any parent up to mount point /)
Stopping at filesystem boundary (GIT_DISCOVERY_ACROSS_FILESYSTEM not set).
2024-02-18 23:14:21.393 [info] > git rev-parse --show-toplevel [5ms]
2024-02-18 23:14:21.393 [info] fatal: not a git repository (or any parent up to mount point /)
Stopping at filesystem boundary (GIT_DISCOVERY_ACROSS_FILESYSTEM not set).
2024-02-18 23:14:21.414 [info] > git rev-parse --show-toplevel [1ms]
2024-02-18 23:14:21.414 [info] fatal: not a git repository (or any parent up to mount point /)
Stopping at filesystem boundary (GIT_DISCOVERY_ACROSS_FILESYSTEM not set).
2024-02-18 23:14:21.421 [info] > git rev-parse --show-toplevel [1ms]
2024-02-18 23:14:21.421 [info] fatal: not a git repository (or any parent up to mount point /)
Stopping at filesystem boundary (GIT_DISCOVERY_ACROSS_FILESYSTEM not set).
2024-02-18 23:14:21.525 [info] > git rev-parse --show-toplevel [2ms]
2024-02-18 23:14:21.525 [info] fatal: not a git repository (or any parent up to mount point /)
Stopping at filesystem boundary (GIT_DISCOVERY_ACROSS_FILESYSTEM not set).
2024-02-18 23:14:22.513 [info] > git rev-parse --show-toplevel [1ms]
2024-02-18 23:14:22.513 [info] fatal: not a git repository (or any parent up to mount point /)
Stopping at filesystem boundary (GIT_DISCOVERY_ACROSS_FILESYSTEM not set).
2024-02-18 23:14:22.631 [info] > git rev-parse --show-toplevel [2ms]
2024-02-18 23:14:22.631 [info] fatal: not a git repository (or any parent up to mount point /)
Stopping at filesystem boundary (GIT_DISCOVERY_ACROSS_FILESYSTEM not set).
