2024-02-19 00:06:43.137 [info] Log level: Info
2024-02-19 00:06:43.137 [info] Validating found git in: "git"
2024-02-19 00:06:43.137 [info] Using git "2.43.2" from "git"
2024-02-19 00:06:43.137 [info] > git rev-parse --show-toplevel [7ms]
2024-02-19 00:06:43.137 [info] fatal: not a git repository (or any parent up to mount point /)
Stopping at filesystem boundary (GIT_DISCOVERY_ACROSS_FILESYSTEM not set).
2024-02-19 00:06:43.137 [info] > git rev-parse --show-toplevel [8ms]
2024-02-19 00:06:43.137 [info] fatal: not a git repository (or any parent up to mount point /)
Stopping at filesystem boundary (GIT_DISCOVERY_ACROSS_FILESYSTEM not set).
2024-02-19 00:06:43.137 [info] > git rev-parse --show-toplevel [9ms]
2024-02-19 00:06:43.137 [info] fatal: not a git repository (or any parent up to mount point /)
Stopping at filesystem boundary (GIT_DISCOVERY_ACROSS_FILESYSTEM not set).
2024-02-19 00:06:43.155 [info] > git rev-parse --show-toplevel [11ms]
2024-02-19 00:06:43.155 [info] fatal: not a git repository (or any parent up to mount point /)
Stopping at filesystem boundary (GIT_DISCOVERY_ACROSS_FILESYSTEM not set).
2024-02-19 00:06:43.163 [info] > git rev-parse --show-toplevel [0ms]
2024-02-19 00:06:43.163 [info] fatal: not a git repository (or any parent up to mount point /)
Stopping at filesystem boundary (GIT_DISCOVERY_ACROSS_FILESYSTEM not set).
2024-02-19 00:06:43.168 [info] > git rev-parse --show-toplevel [1ms]
2024-02-19 00:06:43.168 [info] fatal: not a git repository (or any parent up to mount point /)
Stopping at filesystem boundary (GIT_DISCOVERY_ACROSS_FILESYSTEM not set).
2024-02-19 00:06:43.184 [info] > git rev-parse --show-toplevel [2ms]
2024-02-19 00:06:43.185 [info] fatal: not a git repository (or any parent up to mount point /)
Stopping at filesystem boundary (GIT_DISCOVERY_ACROSS_FILESYSTEM not set).
2024-02-19 00:06:43.200 [info] > git rev-parse --show-toplevel [1ms]
2024-02-19 00:06:43.200 [info] fatal: not a git repository (or any parent up to mount point /)
Stopping at filesystem boundary (GIT_DISCOVERY_ACROSS_FILESYSTEM not set).
2024-02-19 00:06:44.020 [info] > git rev-parse --show-toplevel [2ms]
2024-02-19 00:06:44.021 [info] fatal: not a git repository (or any parent up to mount point /)
Stopping at filesystem boundary (GIT_DISCOVERY_ACROSS_FILESYSTEM not set).
2024-02-19 00:06:44.413 [info] > git rev-parse --show-toplevel [0ms]
2024-02-19 00:06:44.413 [info] fatal: not a git repository (or any parent up to mount point /)
Stopping at filesystem boundary (GIT_DISCOVERY_ACROSS_FILESYSTEM not set).
