2024-02-19 02:51:16.779 [info] Getting Manifest... ms-python.python
2024-02-19 02:51:16.918 [info] Installing extension: ms-python.python
2024-02-19 02:51:17.129 [info] Getting Manifest... ms-python.debugpy
2024-02-19 02:51:17.388 [info] Installing extension: ms-python.debugpy ms-python.python
2024-02-19 02:51:20.282 [info] Extension signature verification is not done: ms-python.debugpy
2024-02-19 02:51:21.355 [info] Extracted extension to file:///home/kira/.vscode-oss/extensions/ms-python.debugpy-2024.0.0-linux-x64: ms-python.debugpy
2024-02-19 02:51:21.369 [info] Renamed to /home/kira/.vscode-oss/extensions/ms-python.debugpy-2024.0.0-linux-x64
2024-02-19 02:51:21.376 [info] Extracting extension completed. ms-python.debugpy
2024-02-19 02:51:21.479 [error] [uncaught exception in sharedProcess]: Error: ENOENT: no such file or directory, stat '/home/kira/.vscode-oss/extensions/extensions.json.vsctmp': EntryNotFound (FileSystemError): Error: ENOENT: no such file or directory, stat '/home/kira/.vscode-oss/extensions/extensions.json.vsctmp'
    at r.create (/opt/vscodium-bin/resources/app/out/vs/code/node/sharedProcess/sharedProcessMain.js:51:35852)
    at a (/opt/vscodium-bin/resources/app/out/vs/code/node/sharedProcess/sharedProcessMain.js:51:35986)
    at s.toFileSystemProviderError (/opt/vscodium-bin/resources/app/out/vs/code/node/sharedProcess/sharedProcessMain.js:56:47852)
    at s.stat (/opt/vscodium-bin/resources/app/out/vs/code/node/sharedProcess/sharedProcessMain.js:56:38447)
    at async C.stat (/opt/vscodium-bin/resources/app/out/vs/code/node/sharedProcess/sharedProcessMain.js:56:20932)
    at async Y.onDidFilesChange (/opt/vscodium-bin/resources/app/out/vs/code/node/sharedProcess/sharedProcessMain.js:100:138138)
2024-02-19 02:51:21.644 [info] Extension signature verification is not done: ms-python.python
2024-02-19 02:51:22.203 [info] Getting Manifest... ms-toolsai.jupyter
2024-02-19 02:51:22.337 [info] Installing extension: ms-toolsai.jupyter
2024-02-19 02:51:22.589 [info] Getting Manifest... ms-toolsai.jupyter-renderers
2024-02-19 02:51:22.778 [info] Getting Manifest... ms-toolsai.jupyter-keymap
2024-02-19 02:51:22.953 [info] Getting Manifest... ms-toolsai.vscode-jupyter-cell-tags
2024-02-19 02:51:23.140 [info] Getting Manifest... ms-toolsai.vscode-jupyter-slideshow
2024-02-19 02:51:23.448 [info] Installing extension: ms-toolsai.jupyter-renderers ms-toolsai.jupyter
2024-02-19 02:51:23.449 [info] Installing extension: ms-toolsai.jupyter-keymap ms-toolsai.jupyter
2024-02-19 02:51:23.449 [info] Installing extension: ms-toolsai.vscode-jupyter-cell-tags ms-toolsai.jupyter
2024-02-19 02:51:23.449 [info] Installing extension: ms-toolsai.vscode-jupyter-slideshow ms-toolsai.jupyter
2024-02-19 02:51:24.395 [info] Extension signature verification is not done: ms-toolsai.vscode-jupyter-cell-tags
2024-02-19 02:51:24.396 [info] Extension signature verification is not done: ms-toolsai.jupyter-keymap
2024-02-19 02:51:24.475 [info] Extension signature verification is not done: ms-toolsai.vscode-jupyter-slideshow
2024-02-19 02:51:24.489 [info] Extension signature verification is not done: ms-toolsai.jupyter-renderers
2024-02-19 02:51:24.506 [info] Extracted extension to file:///home/kira/.vscode-oss/extensions/ms-toolsai.jupyter-keymap-1.1.2-universal: ms-toolsai.jupyter-keymap
2024-02-19 02:51:24.522 [info] Renamed to /home/kira/.vscode-oss/extensions/ms-toolsai.jupyter-keymap-1.1.2-universal
2024-02-19 02:51:24.535 [info] Extracting extension completed. ms-toolsai.jupyter-keymap
2024-02-19 02:51:24.620 [error] [uncaught exception in sharedProcess]: Error: ENOENT: no such file or directory, stat '/home/kira/.vscode-oss/extensions/extensions.json.vsctmp': EntryNotFound (FileSystemError): Error: ENOENT: no such file or directory, stat '/home/kira/.vscode-oss/extensions/extensions.json.vsctmp'
    at r.create (/opt/vscodium-bin/resources/app/out/vs/code/node/sharedProcess/sharedProcessMain.js:51:35852)
    at a (/opt/vscodium-bin/resources/app/out/vs/code/node/sharedProcess/sharedProcessMain.js:51:35986)
    at s.toFileSystemProviderError (/opt/vscodium-bin/resources/app/out/vs/code/node/sharedProcess/sharedProcessMain.js:56:47852)
    at s.stat (/opt/vscodium-bin/resources/app/out/vs/code/node/sharedProcess/sharedProcessMain.js:56:38447)
    at async C.stat (/opt/vscodium-bin/resources/app/out/vs/code/node/sharedProcess/sharedProcessMain.js:56:20932)
    at async Y.onDidFilesChange (/opt/vscodium-bin/resources/app/out/vs/code/node/sharedProcess/sharedProcessMain.js:100:138138)
2024-02-19 02:51:24.676 [info] Extracted extension to file:///home/kira/.vscode-oss/extensions/ms-toolsai.vscode-jupyter-cell-tags-0.1.8-universal: ms-toolsai.vscode-jupyter-cell-tags
2024-02-19 02:51:24.683 [info] Extracted extension to file:///home/kira/.vscode-oss/extensions/ms-toolsai.vscode-jupyter-slideshow-0.1.5-universal: ms-toolsai.vscode-jupyter-slideshow
2024-02-19 02:51:24.704 [info] Renamed to /home/kira/.vscode-oss/extensions/ms-toolsai.vscode-jupyter-cell-tags-0.1.8-universal
2024-02-19 02:51:24.711 [info] Renamed to /home/kira/.vscode-oss/extensions/ms-toolsai.vscode-jupyter-slideshow-0.1.5-universal
2024-02-19 02:51:24.721 [info] Extracting extension completed. ms-toolsai.vscode-jupyter-cell-tags
2024-02-19 02:51:24.726 [info] Extracting extension completed. ms-toolsai.vscode-jupyter-slideshow
2024-02-19 02:51:24.840 [error] [uncaught exception in sharedProcess]: Error: ENOENT: no such file or directory, stat '/home/kira/.vscode-oss/extensions/extensions.json.vsctmp': EntryNotFound (FileSystemError): Error: ENOENT: no such file or directory, stat '/home/kira/.vscode-oss/extensions/extensions.json.vsctmp'
    at r.create (/opt/vscodium-bin/resources/app/out/vs/code/node/sharedProcess/sharedProcessMain.js:51:35852)
    at a (/opt/vscodium-bin/resources/app/out/vs/code/node/sharedProcess/sharedProcessMain.js:51:35986)
    at s.toFileSystemProviderError (/opt/vscodium-bin/resources/app/out/vs/code/node/sharedProcess/sharedProcessMain.js:56:47852)
    at s.stat (/opt/vscodium-bin/resources/app/out/vs/code/node/sharedProcess/sharedProcessMain.js:56:38447)
    at async C.stat (/opt/vscodium-bin/resources/app/out/vs/code/node/sharedProcess/sharedProcessMain.js:56:20932)
    at async Y.onDidFilesChange (/opt/vscodium-bin/resources/app/out/vs/code/node/sharedProcess/sharedProcessMain.js:100:138138)
2024-02-19 02:51:25.967 [info] Extracted extension to file:///home/kira/.vscode-oss/extensions/ms-toolsai.jupyter-renderers-1.0.17-universal: ms-toolsai.jupyter-renderers
2024-02-19 02:51:25.973 [info] Renamed to /home/kira/.vscode-oss/extensions/ms-toolsai.jupyter-renderers-1.0.17-universal
2024-02-19 02:51:25.979 [info] Extracting extension completed. ms-toolsai.jupyter-renderers
2024-02-19 02:51:26.096 [error] [uncaught exception in sharedProcess]: Error: ENOENT: no such file or directory, stat '/home/kira/.vscode-oss/extensions/extensions.json.vsctmp': EntryNotFound (FileSystemError): Error: ENOENT: no such file or directory, stat '/home/kira/.vscode-oss/extensions/extensions.json.vsctmp'
    at r.create (/opt/vscodium-bin/resources/app/out/vs/code/node/sharedProcess/sharedProcessMain.js:51:35852)
    at a (/opt/vscodium-bin/resources/app/out/vs/code/node/sharedProcess/sharedProcessMain.js:51:35986)
    at s.toFileSystemProviderError (/opt/vscodium-bin/resources/app/out/vs/code/node/sharedProcess/sharedProcessMain.js:56:47852)
    at s.stat (/opt/vscodium-bin/resources/app/out/vs/code/node/sharedProcess/sharedProcessMain.js:56:38447)
    at async C.stat (/opt/vscodium-bin/resources/app/out/vs/code/node/sharedProcess/sharedProcessMain.js:56:20932)
    at async Y.onDidFilesChange (/opt/vscodium-bin/resources/app/out/vs/code/node/sharedProcess/sharedProcessMain.js:100:138138)
2024-02-19 02:51:26.355 [info] Getting Manifest... eamodio.gitlens
2024-02-19 02:51:26.796 [info] Installing extension: eamodio.gitlens
2024-02-19 02:51:26.950 [info] Extension signature verification is not done: ms-toolsai.jupyter
2024-02-19 02:51:28.209 [info] Extracted extension to file:///home/kira/.vscode-oss/extensions/ms-python.python-2024.0.1-universal: ms-python.python
2024-02-19 02:51:28.222 [info] Renamed to /home/kira/.vscode-oss/extensions/ms-python.python-2024.0.1-universal
2024-02-19 02:51:28.237 [info] Extracting extension completed. ms-python.python
2024-02-19 02:51:28.274 [info] Extension installed successfully: ms-python.debugpy
2024-02-19 02:51:28.276 [info] Extension installed successfully: ms-python.python
2024-02-19 02:51:28.337 [error] [uncaught exception in sharedProcess]: Error: ENOENT: no such file or directory, stat '/home/kira/.vscode-oss/extensions/extensions.json.vsctmp': EntryNotFound (FileSystemError): Error: ENOENT: no such file or directory, stat '/home/kira/.vscode-oss/extensions/extensions.json.vsctmp'
    at r.create (/opt/vscodium-bin/resources/app/out/vs/code/node/sharedProcess/sharedProcessMain.js:51:35852)
    at a (/opt/vscodium-bin/resources/app/out/vs/code/node/sharedProcess/sharedProcessMain.js:51:35986)
    at s.toFileSystemProviderError (/opt/vscodium-bin/resources/app/out/vs/code/node/sharedProcess/sharedProcessMain.js:56:47852)
    at s.stat (/opt/vscodium-bin/resources/app/out/vs/code/node/sharedProcess/sharedProcessMain.js:56:38447)
    at async C.stat (/opt/vscodium-bin/resources/app/out/vs/code/node/sharedProcess/sharedProcessMain.js:56:20932)
    at async Y.onDidFilesChange (/opt/vscodium-bin/resources/app/out/vs/code/node/sharedProcess/sharedProcessMain.js:100:138138)
2024-02-19 02:51:29.019 [info] Getting Manifest... ms-azuretools.vscode-docker
2024-02-19 02:51:29.053 [info] Extracted extension to file:///home/kira/.vscode-oss/extensions/ms-toolsai.jupyter-2023.9.100-universal: ms-toolsai.jupyter
2024-02-19 02:51:29.068 [info] Renamed to /home/kira/.vscode-oss/extensions/ms-toolsai.jupyter-2023.9.100-universal
2024-02-19 02:51:29.083 [info] Extracting extension completed. ms-toolsai.jupyter
2024-02-19 02:51:29.123 [info] Extension installed successfully: ms-toolsai.jupyter-keymap
2024-02-19 02:51:29.125 [info] Extension installed successfully: ms-toolsai.vscode-jupyter-cell-tags
2024-02-19 02:51:29.125 [info] Extension installed successfully: ms-toolsai.vscode-jupyter-slideshow
2024-02-19 02:51:29.126 [info] Extension installed successfully: ms-toolsai.jupyter-renderers
2024-02-19 02:51:29.126 [info] Extension installed successfully: ms-toolsai.jupyter
2024-02-19 02:51:29.191 [error] [uncaught exception in sharedProcess]: Error: ENOENT: no such file or directory, stat '/home/kira/.vscode-oss/extensions/extensions.json.vsctmp': EntryNotFound (FileSystemError): Error: ENOENT: no such file or directory, stat '/home/kira/.vscode-oss/extensions/extensions.json.vsctmp'
    at r.create (/opt/vscodium-bin/resources/app/out/vs/code/node/sharedProcess/sharedProcessMain.js:51:35852)
    at a (/opt/vscodium-bin/resources/app/out/vs/code/node/sharedProcess/sharedProcessMain.js:51:35986)
    at s.toFileSystemProviderError (/opt/vscodium-bin/resources/app/out/vs/code/node/sharedProcess/sharedProcessMain.js:56:47852)
    at s.stat (/opt/vscodium-bin/resources/app/out/vs/code/node/sharedProcess/sharedProcessMain.js:56:38447)
    at async C.stat (/opt/vscodium-bin/resources/app/out/vs/code/node/sharedProcess/sharedProcessMain.js:56:20932)
    at async Y.onDidFilesChange (/opt/vscodium-bin/resources/app/out/vs/code/node/sharedProcess/sharedProcessMain.js:100:138138)
2024-02-19 02:51:29.348 [info] Installing extension: ms-azuretools.vscode-docker
2024-02-19 02:51:31.828 [info] Extension signature verification is not done: eamodio.gitlens
2024-02-19 02:51:31.996 [info] Extension signature verification is not done: ms-azuretools.vscode-docker
2024-02-19 02:51:32.373 [info] Extracted extension to file:///home/kira/.vscode-oss/extensions/ms-azuretools.vscode-docker-1.29.0-universal: ms-azuretools.vscode-docker
2024-02-19 02:51:32.393 [info] Renamed to /home/kira/.vscode-oss/extensions/ms-azuretools.vscode-docker-1.29.0-universal
2024-02-19 02:51:32.436 [info] Extracting extension completed. ms-azuretools.vscode-docker
2024-02-19 02:51:32.491 [info] Extension installed successfully: ms-azuretools.vscode-docker
2024-02-19 02:51:32.554 [error] [uncaught exception in sharedProcess]: Error: ENOENT: no such file or directory, stat '/home/kira/.vscode-oss/extensions/extensions.json.vsctmp': EntryNotFound (FileSystemError): Error: ENOENT: no such file or directory, stat '/home/kira/.vscode-oss/extensions/extensions.json.vsctmp'
    at r.create (/opt/vscodium-bin/resources/app/out/vs/code/node/sharedProcess/sharedProcessMain.js:51:35852)
    at a (/opt/vscodium-bin/resources/app/out/vs/code/node/sharedProcess/sharedProcessMain.js:51:35986)
    at s.toFileSystemProviderError (/opt/vscodium-bin/resources/app/out/vs/code/node/sharedProcess/sharedProcessMain.js:56:47852)
    at s.stat (/opt/vscodium-bin/resources/app/out/vs/code/node/sharedProcess/sharedProcessMain.js:56:38447)
    at async C.stat (/opt/vscodium-bin/resources/app/out/vs/code/node/sharedProcess/sharedProcessMain.js:56:20932)
    at async Y.onDidFilesChange (/opt/vscodium-bin/resources/app/out/vs/code/node/sharedProcess/sharedProcessMain.js:100:138138)
2024-02-19 02:51:33.408 [info] Extracted extension to file:///home/kira/.vscode-oss/extensions/eamodio.gitlens-14.8.1-universal: eamodio.gitlens
2024-02-19 02:51:33.451 [info] Renamed to /home/kira/.vscode-oss/extensions/eamodio.gitlens-14.8.1-universal
2024-02-19 02:51:33.475 [info] Extracting extension completed. eamodio.gitlens
2024-02-19 02:51:33.528 [info] Extension installed successfully: eamodio.gitlens
2024-02-19 02:51:33.578 [error] [uncaught exception in sharedProcess]: Error: ENOENT: no such file or directory, stat '/home/kira/.vscode-oss/extensions/extensions.json.vsctmp': EntryNotFound (FileSystemError): Error: ENOENT: no such file or directory, stat '/home/kira/.vscode-oss/extensions/extensions.json.vsctmp'
    at r.create (/opt/vscodium-bin/resources/app/out/vs/code/node/sharedProcess/sharedProcessMain.js:51:35852)
    at a (/opt/vscodium-bin/resources/app/out/vs/code/node/sharedProcess/sharedProcessMain.js:51:35986)
    at s.toFileSystemProviderError (/opt/vscodium-bin/resources/app/out/vs/code/node/sharedProcess/sharedProcessMain.js:56:47852)
    at s.stat (/opt/vscodium-bin/resources/app/out/vs/code/node/sharedProcess/sharedProcessMain.js:56:38447)
    at async C.stat (/opt/vscodium-bin/resources/app/out/vs/code/node/sharedProcess/sharedProcessMain.js:56:20932)
    at async Y.onDidFilesChange (/opt/vscodium-bin/resources/app/out/vs/code/node/sharedProcess/sharedProcessMain.js:100:138138)
2024-02-19 02:51:42.779 [info] Getting Manifest... pkief.material-icon-theme
2024-02-19 02:51:42.919 [info] Installing extension: pkief.material-icon-theme
2024-02-19 02:51:43.739 [info] Extension signature verification is not done: pkief.material-icon-theme
2024-02-19 02:51:43.956 [info] Getting Manifest... formulahendry.code-runner
2024-02-19 02:51:44.094 [info] Installing extension: formulahendry.code-runner
2024-02-19 02:51:44.961 [info] Extension signature verification is not done: formulahendry.code-runner
2024-02-19 02:51:45.274 [info] Extracted extension to file:///home/kira/.vscode-oss/extensions/formulahendry.code-runner-0.12.1-universal: formulahendry.code-runner
2024-02-19 02:51:45.283 [info] Renamed to /home/kira/.vscode-oss/extensions/formulahendry.code-runner-0.12.1-universal
2024-02-19 02:51:45.289 [info] Extracting extension completed. formulahendry.code-runner
2024-02-19 02:51:45.317 [info] Extension installed successfully: formulahendry.code-runner
2024-02-19 02:51:45.387 [error] [uncaught exception in sharedProcess]: Error: ENOENT: no such file or directory, stat '/home/kira/.vscode-oss/extensions/extensions.json.vsctmp': EntryNotFound (FileSystemError): Error: ENOENT: no such file or directory, stat '/home/kira/.vscode-oss/extensions/extensions.json.vsctmp'
    at r.create (/opt/vscodium-bin/resources/app/out/vs/code/node/sharedProcess/sharedProcessMain.js:51:35852)
    at a (/opt/vscodium-bin/resources/app/out/vs/code/node/sharedProcess/sharedProcessMain.js:51:35986)
    at s.toFileSystemProviderError (/opt/vscodium-bin/resources/app/out/vs/code/node/sharedProcess/sharedProcessMain.js:56:47852)
    at s.stat (/opt/vscodium-bin/resources/app/out/vs/code/node/sharedProcess/sharedProcessMain.js:56:38447)
    at async C.stat (/opt/vscodium-bin/resources/app/out/vs/code/node/sharedProcess/sharedProcessMain.js:56:20932)
    at async Y.onDidFilesChange (/opt/vscodium-bin/resources/app/out/vs/code/node/sharedProcess/sharedProcessMain.js:100:138138)
2024-02-19 02:51:46.122 [info] Extracted extension to file:///home/kira/.vscode-oss/extensions/pkief.material-icon-theme-4.33.0-universal: pkief.material-icon-theme
2024-02-19 02:51:46.133 [info] Renamed to /home/kira/.vscode-oss/extensions/pkief.material-icon-theme-4.33.0-universal
2024-02-19 02:51:46.144 [info] Extracting extension completed. pkief.material-icon-theme
2024-02-19 02:51:46.172 [info] Extension installed successfully: pkief.material-icon-theme
2024-02-19 02:51:46.241 [error] [uncaught exception in sharedProcess]: Error: ENOENT: no such file or directory, stat '/home/kira/.vscode-oss/extensions/extensions.json.vsctmp': EntryNotFound (FileSystemError): Error: ENOENT: no such file or directory, stat '/home/kira/.vscode-oss/extensions/extensions.json.vsctmp'
    at r.create (/opt/vscodium-bin/resources/app/out/vs/code/node/sharedProcess/sharedProcessMain.js:51:35852)
    at a (/opt/vscodium-bin/resources/app/out/vs/code/node/sharedProcess/sharedProcessMain.js:51:35986)
    at s.toFileSystemProviderError (/opt/vscodium-bin/resources/app/out/vs/code/node/sharedProcess/sharedProcessMain.js:56:47852)
    at s.stat (/opt/vscodium-bin/resources/app/out/vs/code/node/sharedProcess/sharedProcessMain.js:56:38447)
    at async C.stat (/opt/vscodium-bin/resources/app/out/vs/code/node/sharedProcess/sharedProcessMain.js:56:20932)
    at async Y.onDidFilesChange (/opt/vscodium-bin/resources/app/out/vs/code/node/sharedProcess/sharedProcessMain.js:100:138138)
2024-02-19 02:51:54.447 [info] Getting Manifest... llvm-vs-code-extensions.vscode-clangd
2024-02-19 02:51:54.584 [info] Installing extension: llvm-vs-code-extensions.vscode-clangd
2024-02-19 02:51:55.141 [info] Extension signature verification is not done: llvm-vs-code-extensions.vscode-clangd
2024-02-19 02:51:55.193 [info] Extracted extension to file:///home/kira/.vscode-oss/extensions/llvm-vs-code-extensions.vscode-clangd-0.1.26-universal: llvm-vs-code-extensions.vscode-clangd
2024-02-19 02:51:55.201 [info] Renamed to /home/kira/.vscode-oss/extensions/llvm-vs-code-extensions.vscode-clangd-0.1.26-universal
2024-02-19 02:51:55.205 [info] Extracting extension completed. llvm-vs-code-extensions.vscode-clangd
2024-02-19 02:51:55.233 [info] Extension installed successfully: llvm-vs-code-extensions.vscode-clangd
2024-02-19 02:51:55.303 [error] [uncaught exception in sharedProcess]: Error: ENOENT: no such file or directory, stat '/home/kira/.vscode-oss/extensions/extensions.json.vsctmp': EntryNotFound (FileSystemError): Error: ENOENT: no such file or directory, stat '/home/kira/.vscode-oss/extensions/extensions.json.vsctmp'
    at r.create (/opt/vscodium-bin/resources/app/out/vs/code/node/sharedProcess/sharedProcessMain.js:51:35852)
    at a (/opt/vscodium-bin/resources/app/out/vs/code/node/sharedProcess/sharedProcessMain.js:51:35986)
    at s.toFileSystemProviderError (/opt/vscodium-bin/resources/app/out/vs/code/node/sharedProcess/sharedProcessMain.js:56:47852)
    at s.stat (/opt/vscodium-bin/resources/app/out/vs/code/node/sharedProcess/sharedProcessMain.js:56:38447)
    at async C.stat (/opt/vscodium-bin/resources/app/out/vs/code/node/sharedProcess/sharedProcessMain.js:56:20932)
    at async Y.onDidFilesChange (/opt/vscodium-bin/resources/app/out/vs/code/node/sharedProcess/sharedProcessMain.js:100:138138)
2024-02-19 02:52:39.323 [info] Getting Manifest... asvetliakov.vscode-neovim
2024-02-19 02:52:39.478 [info] Installing extension: asvetliakov.vscode-neovim
2024-02-19 02:52:40.984 [info] Extension signature verification is not done: asvetliakov.vscode-neovim
2024-02-19 02:52:41.104 [info] Extracted extension to file:///home/kira/.vscode-oss/extensions/asvetliakov.vscode-neovim-1.6.1-universal: asvetliakov.vscode-neovim
2024-02-19 02:52:41.113 [info] Renamed to /home/kira/.vscode-oss/extensions/asvetliakov.vscode-neovim-1.6.1-universal
2024-02-19 02:52:41.117 [info] Extracting extension completed. asvetliakov.vscode-neovim
2024-02-19 02:52:41.136 [info] Extension installed successfully: asvetliakov.vscode-neovim
2024-02-19 02:52:41.176 [error] [uncaught exception in sharedProcess]: Error: ENOENT: no such file or directory, stat '/home/kira/.vscode-oss/extensions/extensions.json.vsctmp': EntryNotFound (FileSystemError): Error: ENOENT: no such file or directory, stat '/home/kira/.vscode-oss/extensions/extensions.json.vsctmp'
    at r.create (/opt/vscodium-bin/resources/app/out/vs/code/node/sharedProcess/sharedProcessMain.js:51:35852)
    at a (/opt/vscodium-bin/resources/app/out/vs/code/node/sharedProcess/sharedProcessMain.js:51:35986)
    at s.toFileSystemProviderError (/opt/vscodium-bin/resources/app/out/vs/code/node/sharedProcess/sharedProcessMain.js:56:47852)
    at s.stat (/opt/vscodium-bin/resources/app/out/vs/code/node/sharedProcess/sharedProcessMain.js:56:38447)
    at async C.stat (/opt/vscodium-bin/resources/app/out/vs/code/node/sharedProcess/sharedProcessMain.js:56:20932)
    at async Y.onDidFilesChange (/opt/vscodium-bin/resources/app/out/vs/code/node/sharedProcess/sharedProcessMain.js:100:138138)
